 : Timezone set to: [  Africa/Nairobi ]
2023-10-19 00:33:32 : Last activity time: [ 1697664812 ]
2023-10-19 00:33:32 : Trying Database connection...
2023-10-19 00:33:32 : Database connection successfull
2023-10-19 00:33:32 : DB connection closed
2023-10-19 00:33:32 : Trying Database connection...
2023-10-19 00:33:32 : Database connection successfull
2023-10-19 00:33:32 : DB connection closed
2023-10-19 00:33:32 : CSRF time expired for [ {"session_ip":"::1","LAST_ACTIVITY":1697664812,"page":"upload members","corporate_login":true,"corporate_email":"patjunhopat@gmail.com","corporate_name":"Muang Thai","corporate_id":"CPR20230930t7UxEh8"} ] warning: [  ]
2023-10-19 00:33:32 : Trying Database connection...
2023-10-19 00:33:32 : Database connection successfull
2023-10-19 00:33:32 : Trying Database connection...
2023-10-19 00:33:32 : Database connection successfull
 : Timezone set to: [  Africa/Nairobi ]
2023-10-19 00:33:41 : Last activity time: [ 1697664821 ]
2023-10-19 00:33:41 : Trying Database connection...
2023-10-19 00:33:41 : Database connection successfull
2023-10-19 00:33:41 : Setting Session : csrf : [ "ccea60b0fdbb2988a96b2769ac244976722cddedce230f4a96e9d34092829c01" ]
2023-10-19 00:33:41 : Setting Session : csrf_time : [ 1697664821 ]
2023-10-19 00:33:41 : Generated CSRF: [ ff300e5f8f4765a0d26c58ef0c7b8fceab29045c2e8a8a0b5087f865efeeb56a ] for user: [ {"session_ip":"::1","LAST_ACTIVITY":1697664821,"page":"upload members","corporate_login":true,"corporate_email":"patjunhopat@gmail.com","corporate_name":"Muang Thai","corporate_id":"CPR20230930t7UxEh8","csrf":"ccea60b0fdbb2988a96b2769ac244976722cddedce230f4a96e9d34092829c01","csrf_time":1697664821} ]
 : Timezone set to: [  Africa/Nairobi ]
2023-10-19 00:36:14 : Last activity time: [ 1697664974 ]
2023-10-19 00:36:14 : Trying Database connection...
2023-10-19 00:36:14 : Database connection successfull
2023-10-19 00:36:14 : DB connection closed
2023-10-19 00:36:14 : Trying Database connection...
2023-10-19 00:36:14 : Database connection successfull
2023-10-19 00:36:14 : DB connection closed
2023-10-19 00:36:14 : Generated CSRF: [ ff300e5f8f4765a0d26c58ef0c7b8fceab29045c2e8a8a0b5087f865efeeb56a ] for user: [ {"session_ip":"::1","LAST_ACTIVITY":1697664974,"page":"upload members","corporate_login":true,"corporate_email":"patjunhopat@gmail.com","corporate_name":"Muang Thai","corporate_id":"CPR20230930t7UxEh8","csrf":"ccea60b0fdbb2988a96b2769ac244976722cddedce230f4a96e9d34092829c01","csrf_time":1697664821} ]
2023-10-19 00:36:14 : CSRF verified
2023-10-19 00:36:14 : Trying Database connection...
2023-10-19 00:36:14 : Database connection successfull
2023-10-19 00:36:14 : Trying Database connection...
2023-10-19 00:36:14 : Database connection successfull
 : Timezone set to: [  Africa/Nairobi ]
2023-10-19 00:37:12 : Last activity time: [ 1697665032 ]
2023-10-19 00:37:12 : Trying Database connection...
2023-10-19 00:37:12 : Database connection successfull
2023-10-19 00:37:12 : DB connection closed
2023-10-19 00:37:12 : Trying Database connection...
2023-10-19 00:37:12 : Database connection successfull
2023-10-19 00:37:12 : DB connection closed
2023-10-19 00:37:12 : CSRF time expired for [ {"session_ip":"::1","LAST_ACTIVITY":1697665032,"page":"upload members","corporate_login":true,"corporate_email":"patjunhopat@gmail.com","corporate_name":"Muang Thai","corporate_id":"CPR20230930t7UxEh8"} ] warning: [  ]
2023-10-19 00:37:12 : Trying Database connection...
2023-10-19 00:37:12 : Database connection successfull
2023-10-19 00:37:12 : Trying Database connection...
2023-10-19 00:37:12 : Database connection successfull
2023-10-19 00:37:12 : Prepairing insert query, SQL: [  INSERT INTO `employee` ( `employee_name`,`employee_number`,`employee_phone`,`employee_id` ) VALUES ( 'Test','1','2547920000000','EMP20231019VglyjmP') ]
2023-10-19 00:37:12 : Trying Database connection...
2023-10-19 00:37:12 : Database connection successfull
2023-10-19 00:37:12 : Number of affected rows: [ 1 ]
2023-10-19 00:37:12 : DB connection closed
2023-10-19 00:37:12 : Setting Session : success : [ {"employee":235} ]
2023-10-19 00:37:12 : redirect header url [ https://localhost/psychx/corporate/upload_members ]
2023-10-19 00:37:12 : Header already sent. redirect header url [ https://localhost/psychx/corporate/upload_members ]
 : Timezone set to: [  Africa/Nairobi ]
2023-10-19 00:37:13 : Last activity time: [ 1697665033 ]
2023-10-19 00:37:13 : Trying Database connection...
2023-10-19 00:37:13 : Database connection successfull
2023-10-19 00:37:13 : Setting Session : csrf : [ "a91736fbfc1c6c58f3c72d7b5daac91e273ceb0496b8a4ca94e7716d3cde9335" ]
2023-10-19 00:37:13 : Setting Session : csrf_time : [ 1697665033 ]
2023-10-19 00:37:13 : Generated CSRF: [ 6d535917c0f5f9cb9f5c76b155a3b37ec5176cf6dea0641cbbeb5badce895f80 ] for user: [ {"session_ip":"::1","LAST_ACTIVITY":1697665033,"page":"upload members","corporate_login":true,"corporate_email":"patjunhopat@gmail.com","corporate_name":"Muang Thai","corporate_id":"CPR20230930t7UxEh8","csrf":"a91736fbfc1c6c58f3c72d7b5daac91e273ceb0496b8a4ca94e7716d3cde9335","csrf_time":1697665033} ]
 : Timezone set to: [  Africa/Nairobi ]
2023-10-19 00:38:19 : Last activity time: [ 1697665099 ]
2023-10-19 00:38:19 : Trying Database connection...
2023-10-19 00:38:19 : Database connection successfull
2023-10-19 00:38:19 : DB connection closed
2023-10-19 00:38:19 : Trying Database connection...
2023-10-19 00:38:19 : Database connection successfull
2023-10-19 00:38:19 : DB connection closed
2023-10-19 00:38:19 : Generated CSRF: [ 6d535917c0f5f9cb9f5c76b155a3b37ec5176cf6dea0641cbbeb5badce895f80 ] for user: [ {"session_ip":"::1","LAST_ACTIVITY":1697665099,"page":"upload members","corporate_login":true,"corporate_email":"patjunhopat@gmail.com","corporate_name":"Muang Thai","corporate_id":"CPR20230930t7UxEh8","csrf":"a91736fbfc1c6c58f3c72d7b5daac91e273ceb0496b8a4ca94e7716d3cde9335","csrf_time":1697665033} ]
2023-10-19 00:38:19 : CSRF verified
2023-10-19 00:38:19 : Trying Database connection...
2023-10-19 00:38:19 : Database connection successfull
2023-10-19 00:38:19 : Trying Database connection...
2023-10-19 00:38:19 : Database connection successfull
2023-10-19 00:38:19 : Prepairing insert query, SQL: [  INSERT INTO `employee` ( `employee_name`,`employee_number`,`employee_phone`,`employee_id` ) VALUES ( 'Test1','1','2550000000000','EMP20231019Tr2pvdl') ]
2023-10-19 00:38:19 : Trying Database connection...
2023-10-19 00:38:19 : Database connection successfull
2023-10-19 00:38:19 : Number of affected rows: [ 1 ]
2023-10-19 00:38:19 : DB connection closed
2023-10-19 00:38:19 : Trying Database connection...
2023-10-19 00:38:19 : Database connection successfull
2023-10-19 00:38:19 : Prepairing insert query, SQL: [  INSERT INTO `employee` ( `employee_name`,`employee_number`,`employee_phone`,`employee_id` ) VALUES ( 'Test2','2','7829390429','EMP20231019g6MEq2o') ]
2023-10-19 00:38:19 : Trying Database connection...
2023-10-19 00:38:19 : Database connection successfull
2023-10-19 00:38:19 : Number of affected rows: [ 1 ]
2023-10-19 00:38:19 : DB connection closed
2023-10-19 00:38:19 : Setting Session : success : [ {"employee":235} ]
2023-10-19 00:38:19 : redirect header url [ https://localhost/psychx/corporate/upload_members ]
2023-10-19 00:38:19 : Header already sent. redirect header url [ https://localhost/psychx/corporate/upload_members ]
 : Timezone set to: [  Africa/Nairobi ]
2023-10-19 00:38:19 : Last activity time: [ 1697665099 ]
2023-10-19 00:38:19 : Trying Database connection...
2023-10-19 00:38:19 : Database connection successfull
2023-10-19 00:38:19 : Setting Session : csrf : [ "ba03c1da61ec0c85ae4400ba55897f2416cd4b5f936405a26d95d8b7eb4708ac" ]
2023-10-19 00:38:19 : Setting Session : csrf_time : [ 1697665099 ]
2023-10-19 00:38:19 : Generated CSRF: [ 1611c7ef24d323c36cf6848c96f9d018b23dc49999444458a74621506cd3e53a ] for user: [ {"session_ip":"::1","LAST_ACTIVITY":1697665099,"page":"upload members","corporate_login":true,"corporate_email":"patjunhopat@gmail.com","corporate_name":"Muang Thai","corporate_id":"CPR20230930t7UxEh8","csrf":"ba03c1da61ec0c85ae4400ba55897f2416cd4b5f936405a26d95d8b7eb4708ac","csrf_time":1697665099} ]
 : Timezone set to: [  Africa/Nairobi ]
2023-10-19 00:44:31 : Last activity time: [ 1697665471 ]
2023-10-19 00:44:31 : Trying Database connection...
2023-10-19 00:44:31 : Database connection successfull
2023-10-19 00:44:31 : DB connection closed
2023-10-19 00:44:31 : Trying Database connection...
2023-10-19 00:44:31 : Database connection successfull
2023-10-19 00:44:31 : DB connection closed
2023-10-19 00:44:31 : Generated CSRF: [ 1611c7ef24d323c36cf6848c96f9d018b23dc49999444458a74621506cd3e53a ] for user: [ {"session_ip":"::1","LAST_ACTIVITY":1697665471,"page":"upload members","corporate_login":true,"corporate_email":"patjunhopat@gmail.com","corporate_name":"Muang Thai","corporate_id":"CPR20230930t7UxEh8","csrf":"ba03c1da61ec0c85ae4400ba55897f2416cd4b5f936405a26d95d8b7eb4708ac","csrf_time":1697665099} ]
2023-10-19 00:44:31 : CSRF verified
2023-10-19 00:44:31 : Trying Database connection...
2023-10-19 00:44:31 : Database connection successfull
 : Timezone set to: [  Africa/Nairobi ]
2023-10-19 00:45:04 : Last activity time: [ 1697665504 ]
2023-10-19 00:45:04 : Trying Database connection...
2023-10-19 00:45:04 : Database connection successfull
2023-10-19 00:45:04 : Setting Session : csrf : [ "e38f64218cbe375db7164d6241fbdff05cff878498a5dbfc3abdf044512956a1" ]
2023-10-19 00:45:04 : Setting Session : csrf_time : [ 1697665504 ]
2023-10-19 00:45:04 : Generated CSRF: [ b63e7ad2bdd46dc94a7c10a3ad281277d1b82584de8df15728d80caf528659c4 ] for user: [ {"session_ip":"::1","LAST_ACTIVITY":1697665504,"page":"upload members","corporate_login":true,"corporate_email":"patjunhopat@gmail.com","corporate_name":"Muang Thai","corporate_id":"CPR20230930t7UxEh8","csrf":"e38f64218cbe375db7164d6241fbdff05cff878498a5dbfc3abdf044512956a1","csrf_time":1697665504} ]
 : Timezone set to: [  Africa/Nairobi ]
2023-10-19 00:45:15 : Last activity time: [ 1697665515 ]
2023-10-19 00:45:15 : Trying Database connection...
2023-10-19 00:45:15 : Database connection successfull
2023-10-19 00:45:15 : DB connection closed
2023-10-19 00:45:15 : Trying Database connection...
2023-10-19 00:45:15 : Database connection successfull
2023-10-19 00:45:15 : DB connection closed
2023-10-19 00:45:15 : Generated CSRF: [ b63e7ad2bdd46dc94a7c10a3ad281277d1b82584de8df15728d80caf528659c4 ] for user: [ {"session_ip":"::1","LAST_ACTIVITY":1697665515,"page":"upload members","corporate_login":true,"corporate_email":"patjunhopat@gmail.com","corporate_name":"Muang Thai","corporate_id":"CPR20230930t7UxEh8","csrf":"e38f64218cbe375db7164d6241fbdff05cff878498a5dbfc3abdf044512956a1","csrf_time":1697665504} ]
2023-10-19 00:45:15 : CSRF verified
2023-10-19 00:45:15 : Trying Database connection...
2023-10-19 00:45:15 : Database connection successfull
2023-10-19 00:45:15 : Trying Database connection...
2023-10-19 00:45:15 : Database connection successfull
2023-10-19 00:45:15 : Prepairing insert query, SQL: [  INSERT INTO `employee` ( `employee_name`,`employee_number`,`employee_phone`,`employee_id` ) VALUES ( 'Test1','1','2550000000000','EMP20231019LZPg1Hn') ]
2023-10-19 00:45:15 : Trying Database connection...
2023-10-19 00:45:15 : Database connection successfull
2023-10-19 00:45:15 : Number of affected rows: [ 1 ]
2023-10-19 00:45:15 : DB connection closed
2023-10-19 00:45:15 : Trying Database connection...
2023-10-19 00:45:15 : Database connection successfull
2023-10-19 00:45:15 : Prepairing insert query, SQL: [  INSERT INTO `employee` ( `employee_name`,`employee_number`,`employee_phone`,`employee_id` ) VALUES ( 'Test2','2','7829390429','EMP20231019MeEKDxY') ]
2023-10-19 00:45:15 : Trying Database connection...
2023-10-19 00:45:15 : Database connection successfull
2023-10-19 00:45:15 : Number of affected rows: [ 1 ]
2023-10-19 00:45:15 : DB connection closed
2023-10-19 00:45:15 : Setting Session : success : [ {"employee":235} ]
2023-10-19 00:45:15 : redirect header url [ https://localhost/psychx/corporate/view_members ]
2023-10-19 00:45:15 : Header already sent. redirect header url [ https://localhost/psychx/corporate/view_members ]
 : Timezone set to: [  Africa/Nairobi ]
2023-10-19 00:45:15 : Last activity time: [ 1697665515 ]
2023-10-19 00:45:15 : Trying Database connection...
2023-10-19 00:45:15 : Database connection successfull
2023-10-19 00:45:15 : Trying Database connection...
2023-10-19 00:45:15 : Database connection successfull
2023-10-19 00:45:15 : Starting Encryption... [ ::1 ]
2023-10-19 00:45:15 : Encryption complete: [ QVN0aHRDcVVoSTZRZHJ4WmxOMXcyZz09 ]
2023-10-19 00:45:15 : Starting Encryption... [ EMP20231019g6MEq2o ]
2023-10-19 00:45:15 : Encryption complete: [ N0NkeXNvNnlXK3lubHBmbzBIYWsxWm96WEFnOFFBZ01rMXhBdjVEb05QND0 ]
2023-10-19 00:45:15 : Starting Encryption... [ ::1 ]
2023-10-19 00:45:15 : Encryption complete: [ QVN0aHRDcVVoSTZRZHJ4WmxOMXcyZz09 ]
2023-10-19 00:45:15 : Starting Encryption... [ employee ]
2023-10-19 00:45:15 : Encryption complete: [ TllJeTNxTlUzOVhSdFRCNFEwSm5tUT09 ]
2023-10-19 00:45:15 : Starting Encryption... [ ::1 ]
2023-10-19 00:45:15 : Encryption complete: [ QVN0aHRDcVVoSTZRZHJ4WmxOMXcyZz09 ]
2023-10-19 00:45:15 : Starting Encryption... [ view_members ]
2023-10-19 00:45:15 : Encryption complete: [ ZlYwcUE1bWs2UDVYeHVZbHJsSjFXUT09 ]
2023-10-19 00:45:15 : Starting Encryption... [ ::1 ]
2023-10-19 00:45:15 : Encryption complete: [ QVN0aHRDcVVoSTZRZHJ4WmxOMXcyZz09 ]
2023-10-19 00:45:15 : Starting Encryption... [ EMP20231019LZPg1Hn ]
2023-10-19 00:45:15 : Encryption complete: [ VktYaHZuZlFhT3dJam92Q1JTWkpoMG9MTzJSU1grVlBlQTBZYTY5TlN1ND0 ]
2023-10-19 00:45:15 : Starting Encryption... [ ::1 ]
2023-10-19 00:45:15 : Encryption complete: [ QVN0aHRDcVVoSTZRZHJ4WmxOMXcyZz09 ]
2023-10-19 00:45:15 : Starting Encryption... [ employee ]
2023-10-19 00:45:15 : Encryption complete: [ TllJeTNxTlUzOVhSdFRCNFEwSm5tUT09 ]
2023-10-19 00:45:15 : Starting Encryption... [ ::1 ]
2023-10-19 00:45:15 : Encryption complete: [ QVN0aHRDcVVoSTZRZHJ4WmxOMXcyZz09 ]
2023-10-19 00:45:15 : Starting Encryption... [ view_members ]
2023-10-19 00:45:15 : Encryption complete: [ ZlYwcUE1bWs2UDVYeHVZbHJsSjFXUT09 ]
2023-10-19 00:45:15 : Starting Encryption... [ ::1 ]
2023-10-19 00:45:15 : Encryption complete: [ QVN0aHRDcVVoSTZRZHJ4WmxOMXcyZz09 ]
2023-10-19 00:45:15 : Starting Encryption... [ EMP20231019MeEKDxY ]
2023-10-19 00:45:15 : Encryption complete: [ cnU3aGc0TE9NeVFFbFJVdE42c3JULzJjVTh6RVNPM1RlWUVLZHVrZ3ZkTT0 ]
2023-10-19 00:45:15 : Starting Encryption... [ ::1 ]
2023-10-19 00:45:15 : Encryption complete: [ QVN0aHRDcVVoSTZRZHJ4WmxOMXcyZz09 ]
2023-10-19 00:45:15 : Starting Encryption... [ employee ]
2023-10-19 00:45:15 : Encryption complete: [ TllJeTNxTlUzOVhSdFRCNFEwSm5tUT09 ]
2023-10-19 00:45:15 : Starting Encryption... [ ::1 ]
2023-10-19 00:45:15 : Encryption complete: [ QVN0aHRDcVVoSTZRZHJ4WmxOMXcyZz09 ]
2023-10-19 00:45:15 : Starting Encryption... [ view_members ]
2023-10-19 00:45:15 : Encryption complete: [ ZlYwcUE1bWs2UDVYeHVZbHJsSjFXUT09 ]
2023-10-19 00:45:15 : Starting Encryption... [ ::1 ]
2023-10-19 00:45:15 : Encryption complete: [ QVN0aHRDcVVoSTZRZHJ4WmxOMXcyZz09 ]
2023-10-19 00:45:15 : Starting Encryption... [ EMP20231019Tr2pvdl ]
2023-10-19 00:45:15 : Encryption complete: [ WlhJVWhXa0x1V21qWmlZV01sM2hTd3RaK0djMXE0U05IMHU5ZVhIMHNGQT0 ]
2023-10-19 00:45:15 : Starting Encryption... [ ::1 ]
2023-10-19 00:45:15 : Encryption complete: [ QVN0aHRDcVVoSTZRZHJ4WmxOMXcyZz09 ]
2023-10-19 00:45:15 : Starting Encryption... [ employee ]
2023-10-19 00:45:15 : Encryption complete: [ TllJeTNxTlUzOVhSdFRCNFEwSm5tUT09 ]
2023-10-19 00:45:15 : Starting Encryption... [ ::1 ]
2023-10-19 00:45:15 : Encryption complete: [ QVN0aHRDcVVoSTZRZHJ4WmxOMXcyZz09 ]
2023-10-19 00:45:15 : Starting Encryption... [ view_members ]
2023-10-19 00:45:15 : Encryption complete: [ ZlYwcUE1bWs2UDVYeHVZbHJsSjFXUT09 ]
2023-10-19 00:45:15 : Starting Encryption... [ ::1 ]
2023-10-19 00:45:15 : Encryption complete: [ QVN0aHRDcVVoSTZRZHJ4WmxOMXcyZz09 ]
2023-10-19 00:45:15 : Starting Encryption... [ EMP20231019VglyjmP ]
2023-10-19 00:45:15 : Encryption complete: [ TXpVVVNFMVpGMGVlNGFiV0VBR2EvcUVuTlhNU3d4QnJJZjljcnBLT2RuTT0 ]
2023-10-19 00:45:15 : Starting Encryption... [ ::1 ]
2023-10-19 00:45:15 : Encryption complete: [ QVN0aHRDcVVoSTZRZHJ4WmxOMXcyZz09 ]
2023-10-19 00:45:15 : Starting Encryption... [ employee ]
2023-10-19 00:45:15 : Encryption complete: [ TllJeTNxTlUzOVhSdFRCNFEwSm5tUT09 ]
2023-10-19 00:45:15 : Starting Encryption... [ ::1 ]
2023-10-19 00:45:15 : Encryption complete: [ QVN0aHRDcVVoSTZRZHJ4WmxOMXcyZz09 ]
2023-10-19 00:45:15 : Starting Encryption... [ view_members ]
2023-10-19 00:45:15 : Encryption complete: [ ZlYwcUE1bWs2UDVYeHVZbHJsSjFXUT09 ]
 : Timezone set to: [  Africa/Nairobi ]
2023-10-19 00:46:09 : Last activity time: [ 1697665569 ]
2023-10-19 00:46:09 : Trying Database connection...
2023-10-19 00:46:09 : Database connection successfull
2023-10-19 00:46:09 : Trying Database connection...
2023-10-19 00:46:09 : Database connection successfull
2023-10-19 00:46:09 : Starting Encryption... [ ::1 ]
2023-10-19 00:46:09 : Encryption complete: [ QVN0aHRDcVVoSTZRZHJ4WmxOMXcyZz09 ]
2023-10-19 00:46:09 : Starting Encryption... [ EMP20231019g6MEq2o ]
2023-10-19 00:46:09 : Encryption complete: [ N0NkeXNvNnlXK3lubHBmbzBIYWsxWm96WEFnOFFBZ01rMXhBdjVEb05QND0 ]
2023-10-19 00:46:09 : Starting Encryption... [ ::1 ]
2023-10-19 00:46:09 : Encryption complete: [ QVN0aHRDcVVoSTZRZHJ4WmxOMXcyZz09 ]
2023-10-19 00:46:09 : Starting Encryption... [ employee ]
2023-10-19 00:46:09 : Encryption complete: [ TllJeTNxTlUzOVhSdFRCNFEwSm5tUT09 ]
2023-10-19 00:46:09 : Starting Encryption... [ ::1 ]
2023-10-19 00:46:09 : Encryption complete: [ QVN0aHRDcVVoSTZRZHJ4WmxOMXcyZz09 ]
2023-10-19 00:46:09 : Starting Encryption... [ view_members ]
2023-10-19 00:46:09 : Encryption complete: [ ZlYwcUE1bWs2UDVYeHVZbHJsSjFXUT09 ]
2023-10-19 00:46:09 : Starting Encryption... [ ::1 ]
2023-10-19 00:46:09 : Encryption complete: [ QVN0aHRDcVVoSTZRZHJ4WmxOMXcyZz09 ]
2023-10-19 00:46:09 : Starting Encryption... [ EMP20231019LZPg1Hn ]
2023-10-19 00:46:09 : Encryption complete: [ VktYaHZuZlFhT3dJam92Q1JTWkpoMG9MTzJSU1grVlBlQTBZYTY5TlN1ND0 ]
2023-10-19 00:46:09 : Starting Encryption... [ ::1 ]
2023-10-19 00:46:09 : Encryption complete: [ QVN0aHRDcVVoSTZRZHJ4WmxOMXcyZz09 ]
2023-10-19 00:46:09 : Starting Encryption... [ employee ]
2023-10-19 00:46:09 : Encryption complete: [ TllJeTNxTlUzOVhSdFRCNFEwSm5tUT09 ]
2023-10-19 00:46:09 : Starting Encryption... [ ::1 ]
2023-10-19 00:46:09 : Encryption complete: [ QVN0aHRDcVVoSTZRZHJ4WmxOMXcyZz09 ]
2023-10-19 00:46:09 : Starting Encryption... [ view_members ]
2023-10-19 00:46:09 : Encryption complete: [ ZlYwcUE1bWs2UDVYeHVZbHJsSjFXUT09 ]
2023-10-19 00:46:09 : Starting Encryption... [ ::1 ]
2023-10-19 00:46:09 : Encryption complete: [ QVN0aHRDcVVoSTZRZHJ4WmxOMXcyZz09 ]
2023-10-19 00:46:09 : Starting Encryption... [ EMP20231019MeEKDxY ]
2023-10-19 00:46:09 : Encryption complete: [ cnU3aGc0TE9NeVFFbFJVdE42c3JULzJjVTh6RVNPM1RlWUVLZHVrZ3ZkTT0 ]
2023-10-19 00:46:09 : Starting Encryption... [ ::1 ]
2023-10-19 00:46:09 : Encryption complete: [ QVN0aHRDcVVoSTZRZHJ4WmxOMXcyZz09 ]
2023-10-19 00:46:09 : Starting Encryption... [ employee ]
2023-10-19 00:46:09 : Encryption complete: [ TllJeTNxTlUzOVhSdFRCNFEwSm5tUT09 ]
2023-10-19 00:46:09 : Starting Encryption... [ ::1 ]
2023-10-19 00:46:09 : Encryption complete: [ QVN0aHRDcVVoSTZRZHJ4WmxOMXcyZz09 ]
2023-10-19 00:46:09 : Starting Encryption... [ view_members ]
2023-10-19 00:46:09 : Encryption complete: [ ZlYwcUE1bWs2UDVYeHVZbHJsSjFXUT09 ]
2023-10-19 00:46:09 : Starting Encryption... [ ::1 ]
2023-10-19 00:46:09 : Encryption complete: [ QVN0aHRDcVVoSTZRZHJ4WmxOMXcyZz09 ]
2023-10-19 00:46:09 : Starting Encryption... [ EMP20231019Tr2pvdl ]
2023-10-19 00:46:09 : Encryption complete: [ WlhJVWhXa0x1V21qWmlZV01sM2hTd3RaK0djMXE0U05IMHU5ZVhIMHNGQT0 ]
2023-10-19 00:46:09 : Starting Encryption... [ ::1 ]
2023-10-19 00:46:09 : Encryption complete: [ QVN0aHRDcVVoSTZRZHJ4WmxOMXcyZz09 ]
2023-10-19 00:46:09 : Starting Encryption... [ employee ]
2023-10-19 00:46:09 : Encryption complete: [ TllJeTNxTlUzOVhSdFRCNFEwSm5tUT09 ]
2023-10-19 00:46:09 : Starting Encryption... [ ::1 ]
2023-10-19 00:46:09 : Encryption complete: [ QVN0aHRDcVVoSTZRZHJ4WmxOMXcyZz09 ]
2023-10-19 00:46:09 : Starting Encryption... [ view_members ]
2023-10-19 00:46:09 : Encryption complete: [ ZlYwcUE1bWs2UDVYeHVZbHJsSjFXUT09 ]
2023-10-19 00:46:09 : Starting Encryption... [ ::1 ]
2023-10-19 00:46:09 : Encryption complete: [ QVN0aHRDcVVoSTZRZHJ4WmxOMXcyZz09 ]
2023-10-19 00:46:09 : Starting Encryption... [ EMP20231019VglyjmP ]
2023-10-19 00:46:09 : Encryption complete: [ TXpVVVNFMVpGMGVlNGFiV0VBR2EvcUVuTlhNU3d4QnJJZjljcnBLT2RuTT0 ]
2023-10-19 00:46:09 : Starting Encryption... [ ::1 ]
2023-10-19 00:46:09 : Encryption complete: [ QVN0aHRDcVVoSTZRZHJ4WmxOMXcyZz09 ]
2023-10-19 00:46:09 : Starting Encryption... [ employee ]
2023-10-19 00:46:09 : Encryption complete: [ TllJeTNxTlUzOVhSdFRCNFEwSm5tUT09 ]
2023-10-19 00:46:09 : Starting Encryption... [ ::1 ]
2023-10-19 00:46:09 : Encryption complete: [ QVN0aHRDcVVoSTZRZHJ4WmxOMXcyZz09 ]
2023-10-19 00:46:09 : Starting Encryption... [ view_members ]
2023-10-19 00:46:09 : Encryption complete: [ ZlYwcUE1bWs2UDVYeHVZbHJsSjFXUT09 ]
 : Timezone set to: [  Africa/Nairobi ]
2023-10-19 00:46:23 : Last activity time: [ 1697665583 ]
2023-10-19 00:46:23 : Trying Database connection...
2023-10-19 00:46:23 : Database connection successfull
2023-10-19 00:46:23 : Trying Database connection...
2023-10-19 00:46:23 : Database connection successfull
2023-10-19 00:46:23 : Starting Encryption... [ ::1 ]
2023-10-19 00:46:23 : Encryption complete: [ QVN0aHRDcVVoSTZRZHJ4WmxOMXcyZz09 ]
2023-10-19 00:46:23 : Starting Encryption... [ EMP20231019g6MEq2o ]
2023-10-19 00:46:23 : Encryption complete: [ N0NkeXNvNnlXK3lubHBmbzBIYWsxWm96WEFnOFFBZ01rMXhBdjVEb05QND0 ]
2023-10-19 00:46:23 : Starting Encryption... [ ::1 ]
2023-10-19 00:46:23 : Encryption complete: [ QVN0aHRDcVVoSTZRZHJ4WmxOMXcyZz09 ]
2023-10-19 00:46:23 : Starting Encryption... [ employee ]
2023-10-19 00:46:23 : Encryption complete: [ TllJeTNxTlUzOVhSdFRCNFEwSm5tUT09 ]
2023-10-19 00:46:23 : Starting Encryption... [ ::1 ]
2023-10-19 00:46:23 : Encryption complete: [ QVN0aHRDcVVoSTZRZHJ4WmxOMXcyZz09 ]
2023-10-19 00:46:23 : Starting Encryption... [ view_members ]
2023-10-19 00:46:23 : Encryption complete: [ ZlYwcUE1bWs2UDVYeHVZbHJsSjFXUT09 ]
2023-10-19 00:46:23 : Starting Encryption... [ ::1 ]
2023-10-19 00:46:23 : Encryption complete: [ QVN0aHRDcVVoSTZRZHJ4WmxOMXcyZz09 ]
2023-10-19 00:46:23 : Starting Encryption... [ EMP20231019LZPg1Hn ]
2023-10-19 00:46:23 : Encryption complete: [ VktYaHZuZlFhT3dJam92Q1JTWkpoMG9MTzJSU1grVlBlQTBZYTY5TlN1ND0 ]
2023-10-19 00:46:23 : Starting Encryption... [ ::1 ]
2023-10-19 00:46:23 : Encryption complete: [ QVN0aHRDcVVoSTZRZHJ4WmxOMXcyZz09 ]
2023-10-19 00:46:23 : Starting Encryption... [ employee ]
2023-10-19 00:46:23 : Encryption complete: [ TllJeTNxTlUzOVhSdFRCNFEwSm5tUT09 ]
2023-10-19 00:46:23 : Starting Encryption... [ ::1 ]
2023-10-19 00:46:23 : Encryption complete: [ QVN0aHRDcVVoSTZRZHJ4WmxOMXcyZz09 ]
2023-10-19 00:46:23 : Starting Encryption... [ view_members ]
2023-10-19 00:46:23 : Encryption complete: [ ZlYwcUE1bWs2UDVYeHVZbHJsSjFXUT09 ]
2023-10-19 00:46:23 : Starting Encryption... [ ::1 ]
2023-10-19 00:46:23 : Encryption complete: [ QVN0aHRDcVVoSTZRZHJ4WmxOMXcyZz09 ]
2023-10-19 00:46:23 : Starting Encryption... [ EMP20231019MeEKDxY ]
2023-10-19 00:46:23 : Encryption complete: [ cnU3aGc0TE9NeVFFbFJVdE42c3JULzJjVTh6RVNPM1RlWUVLZHVrZ3ZkTT0 ]
2023-10-19 00:46:23 : Starting Encryption... [ ::1 ]
2023-10-19 00:46:23 : Encryption complete: [ QVN0aHRDcVVoSTZRZHJ4WmxOMXcyZz09 ]
2023-10-19 00:46:23 : Starting Encryption... [ employee ]
2023-10-19 00:46:23 : Encryption complete: [ TllJeTNxTlUzOVhSdFRCNFEwSm5tUT09 ]
2023-10-19 00:46:23 : Starting Encryption... [ ::1 ]
2023-10-19 00:46:23 : Encryption complete: [ QVN0aHRDcVVoSTZRZHJ4WmxOMXcyZz09 ]
2023-10-19 00:46:23 : Starting Encryption... [ view_members ]
2023-10-19 00:46:23 : Encryption complete: [ ZlYwcUE1bWs2UDVYeHVZbHJsSjFXUT09 ]
2023-10-19 00:46:23 : Starting Encryption... [ ::1 ]
2023-10-19 00:46:23 : Encryption complete: [ QVN0aHRDcVVoSTZRZHJ4WmxOMXcyZz09 ]
2023-10-19 00:46:23 : Starting Encryption... [ EMP20231019Tr2pvdl ]
2023-10-19 00:46:23 : Encryption complete: [ WlhJVWhXa0x1V21qWmlZV01sM2hTd3RaK0djMXE0U05IMHU5ZVhIMHNGQT0 ]
2023-10-19 00:46:23 : Starting Encryption... [ ::1 ]
2023-10-19 00:46:23 : Encryption complete: [ QVN0aHRDcVVoSTZRZHJ4WmxOMXcyZz09 ]
2023-10-19 00:46:23 : Starting Encryption... [ employee ]
2023-10-19 00:46:23 : Encryption complete: [ TllJeTNxTlUzOVhSdFRCNFEwSm5tUT09 ]
2023-10-19 00:46:23 : Starting Encryption... [ ::1 ]
2023-10-19 00:46:23 : Encryption complete: [ QVN0aHRDcVVoSTZRZHJ4WmxOMXcyZz09 ]
2023-10-19 00:46:23 : Starting Encryption... [ view_members ]
2023-10-19 00:46:23 : Encryption complete: [ ZlYwcUE1bWs2UDVYeHVZbHJsSjFXUT09 ]
2023-10-19 00:46:23 : Starting Encryption... [ ::1 ]
2023-10-19 00:46:23 : Encryption complete: [ QVN0aHRDcVVoSTZRZHJ4WmxOMXcyZz09 ]
2023-10-19 00:46:23 : Starting Encryption... [ EMP20231019VglyjmP ]
2023-10-19 00:46:23 : Encryption complete: [ TXpVVVNFMVpGMGVlNGFiV0VBR2EvcUVuTlhNU3d4QnJJZjljcnBLT2RuTT0 ]
2023-10-19 00:46:23 : Starting Encryption... [ ::1 ]
2023-10-19 00:46:23 : Encryption complete: [ QVN0aHRDcVVoSTZRZHJ4WmxOMXcyZz09 ]
2023-10-19 00:46:23 : Starting Encryption... [ employee ]
2023-10-19 00:46:23 : Encryption complete: [ TllJeTNxTlUzOVhSdFRCNFEwSm5tUT09 ]
2023-10-19 00:46:23 : Starting Encryption... [ ::1 ]
2023-10-19 00:46:23 : Encryption complete: [ QVN0aHRDcVVoSTZRZHJ4WmxOMXcyZz09 ]
2023-10-19 00:46:23 : Starting Encryption... [ view_members ]
2023-10-19 00:46:23 : Encryption complete: [ ZlYwcUE1bWs2UDVYeHVZbHJsSjFXUT09 ]
 : Timezone set to: [  Africa/Nairobi ]
2023-10-19 00:46:34 : Last activity time: [ 1697665594 ]
2023-10-19 00:46:34 : Trying Database connection...
2023-10-19 00:46:34 : Database connection successfull
2023-10-19 00:46:34 : Trying Database connection...
2023-10-19 00:46:34 : Database connection successfull
2023-10-19 00:46:34 : Starting Encryption... [ ::1 ]
2023-10-19 00:46:34 : Encryption complete: [ QVN0aHRDcVVoSTZRZHJ4WmxOMXcyZz09 ]
2023-10-19 00:46:34 : Starting Encryption... [ EMP20231019g6MEq2o ]
2023-10-19 00:46:34 : Encryption complete: [ N0NkeXNvNnlXK3lubHBmbzBIYWsxWm96WEFnOFFBZ01rMXhBdjVEb05QND0 ]
2023-10-19 00:46:34 : Starting Encryption... [ ::1 ]
2023-10-19 00:46:34 : Encryption complete: [ QVN0aHRDcVVoSTZRZHJ4WmxOMXcyZz09 ]
2023-10-19 00:46:34 : Starting Encryption... [ employee ]
2023-10-19 00:46:34 : Encryption complete: [ TllJeTNxTlUzOVhSdFRCNFEwSm5tUT09 ]
2023-10-19 00:46:34 : Starting Encryption... [ ::1 ]
2023-10-19 00:46:34 : Encryption complete: [ QVN0aHRDcVVoSTZRZHJ4WmxOMXcyZz09 ]
2023-10-19 00:46:34 : Starting Encryption... [ view_members ]
2023-10-19 00:46:34 : Encryption complete: [ ZlYwcUE1bWs2UDVYeHVZbHJsSjFXUT09 ]
2023-10-19 00:46:34 : Starting Encryption... [ ::1 ]
2023-10-19 00:46:34 : Encryption complete: [ QVN0aHRDcVVoSTZRZHJ4WmxOMXcyZz09 ]
2023-10-19 00:46:34 : Starting Encryption... [ EMP20231019LZPg1Hn ]
2023-10-19 00:46:34 : Encryption complete: [ VktYaHZuZlFhT3dJam92Q1JTWkpoMG9MTzJSU1grVlBlQTBZYTY5TlN1ND0 ]
2023-10-19 00:46:34 : Starting Encryption... [ ::1 ]
2023-10-19 00:46:34 : Encryption complete: [ QVN0aHRDcVVoSTZRZHJ4WmxOMXcyZz09 ]
2023-10-19 00:46:34 : Starting Encryption... [ employee ]
2023-10-19 00:46:34 : Encryption complete: [ TllJeTNxTlUzOVhSdFRCNFEwSm5tUT09 ]
2023-10-19 00:46:34 : Starting Encryption... [ ::1 ]
2023-10-19 00:46:34 : Encryption complete: [ QVN0aHRDcVVoSTZRZHJ4WmxOMXcyZz09 ]
2023-10-19 00:46:34 : Starting Encryption... [ view_members ]
2023-10-19 00:46:34 : Encryption complete: [ ZlYwcUE1bWs2UDVYeHVZbHJsSjFXUT09 ]
2023-10-19 00:46:34 : Starting Encryption... [ ::1 ]
2023-10-19 00:46:34 : Encryption complete: [ QVN0aHRDcVVoSTZRZHJ4WmxOMXcyZz09 ]
2023-10-19 00:46:34 : Starting Encryption... [ EMP20231019MeEKDxY ]
2023-10-19 00:46:34 : Encryption complete: [ cnU3aGc0TE9NeVFFbFJVdE42c3JULzJjVTh6RVNPM1RlWUVLZHVrZ3ZkTT0 ]
2023-10-19 00:46:34 : Starting Encryption... [ ::1 ]
2023-10-19 00:46:34 : Encryption complete: [ QVN0aHRDcVVoSTZRZHJ4WmxOMXcyZz09 ]
2023-10-19 00:46:34 : Starting Encryption... [ employee ]
2023-10-19 00:46:34 : Encryption complete: [ TllJeTNxTlUzOVhSdFRCNFEwSm5tUT09 ]
2023-10-19 00:46:34 : Starting Encryption... [ ::1 ]
2023-10-19 00:46:34 : Encryption complete: [ QVN0aHRDcVVoSTZRZHJ4WmxOMXcyZz09 ]
2023-10-19 00:46:34 : Starting Encryption... [ view_members ]
2023-10-19 00:46:34 : Encryption complete: [ ZlYwcUE1bWs2UDVYeHVZbHJsSjFXUT09 ]
2023-10-19 00:46:34 : Starting Encryption... [ ::1 ]
2023-10-19 00:46:34 : Encryption complete: [ QVN0aHRDcVVoSTZRZHJ4WmxOMXcyZz09 ]
2023-10-19 00:46:34 : Starting Encryption... [ EMP20231019Tr2pvdl ]
2023-10-19 00:46:34 : Encryption complete: [ WlhJVWhXa0x1V21qWmlZV01sM2hTd3RaK0djMXE0U05IMHU5ZVhIMHNGQT0 ]
2023-10-19 00:46:34 : Starting Encryption... [ ::1 ]
2023-10-19 00:46:34 : Encryption complete: [ QVN0aHRDcVVoSTZRZHJ4WmxOMXcyZz09 ]
2023-10-19 00:46:34 : Starting Encryption... [ employee ]
2023-10-19 00:46:34 : Encryption complete: [ TllJeTNxTlUzOVhSdFRCNFEwSm5tUT09 ]
2023-10-19 00:46:34 : Starting Encryption... [ ::1 ]
2023-10-19 00:46:34 : Encryption complete: [ QVN0aHRDcVVoSTZRZHJ4WmxOMXcyZz09 ]
2023-10-19 00:46:34 : Starting Encryption... [ view_members ]
2023-10-19 00:46:34 : Encryption complete: [ ZlYwcUE1bWs2UDVYeHVZbHJsSjFXUT09 ]
2023-10-19 00:46:34 : Starting Encryption... [ ::1 ]
2023-10-19 00:46:34 : Encryption complete: [ QVN0aHRDcVVoSTZRZHJ4WmxOMXcyZz09 ]
2023-10-19 00:46:34 : Starting Encryption... [ EMP20231019VglyjmP ]
2023-10-19 00:46:34 : Encryption complete: [ TXpVVVNFMVpGMGVlNGFiV0VBR2EvcUVuTlhNU3d4QnJJZjljcnBLT2RuTT0 ]
2023-10-19 00:46:34 : Starting Encryption... [ ::1 ]
2023-10-19 00:46:34 : Encryption complete: [ QVN0aHRDcVVoSTZRZHJ4WmxOMXcyZz09 ]
2023-10-19 00:46:34 : Starting Encryption... [ employee ]
2023-10-19 00:46:34 : Encryption complete: [ TllJeTNxTlUzOVhSdFRCNFEwSm5tUT09 ]
2023-10-19 00:46:34 : Starting Encryption... [ ::1 ]
2023-10-19 00:46:34 : Encryption complete: [ QVN0aHRDcVVoSTZRZHJ4WmxOMXcyZz09 ]
2023-10-19 00:46:34 : Starting Encryption... [ view_members ]
2023-10-19 00:46:34 : Encryption complete: [ ZlYwcUE1bWs2UDVYeHVZbHJsSjFXUT09 ]
 : Timezone set to: [  Africa/Nairobi ]
2023-10-19 00:46:48 : Last activity time: [ 1697665608 ]
2023-10-19 00:46:48 : Trying Database connection...
2023-10-19 00:46:48 : Database connection successfull
2023-10-19 00:46:48 : Trying Database connection...
2023-10-19 00:46:48 : Database connection successfull
2023-10-19 00:46:48 : Starting Encryption... [ ::1 ]
2023-10-19 00:46:48 : Encryption complete: [ QVN0aHRDcVVoSTZRZHJ4WmxOMXcyZz09 ]
2023-10-19 00:46:48 : Starting Encryption... [ EMP20231019g6MEq2o ]
2023-10-19 00:46:48 : Encryption complete: [ N0NkeXNvNnlXK3lubHBmbzBIYWsxWm96WEFnOFFBZ01rMXhBdjVEb05QND0 ]
2023-10-19 00:46:48 : Starting Encryption... [ ::1 ]
2023-10-19 00:46:48 : Encryption complete: [ QVN0aHRDcVVoSTZRZHJ4WmxOMXcyZz09 ]
2023-10-19 00:46:48 : Starting Encryption... [ employee ]
2023-10-19 00:46:48 : Encryption complete: [ TllJeTNxTlUzOVhSdFRCNFEwSm5tUT09 ]
2023-10-19 00:46:48 : Starting Encryption... [ ::1 ]
2023-10-19 00:46:48 : Encryption complete: [ QVN0aHRDcVVoSTZRZHJ4WmxOMXcyZz09 ]
2023-10-19 00:46:48 : Starting Encryption... [ view_members ]
2023-10-19 00:46:48 : Encryption complete: [ ZlYwcUE1bWs2UDVYeHVZbHJsSjFXUT09 ]
2023-10-19 00:46:48 : Starting Encryption... [ ::1 ]
2023-10-19 00:46:48 : Encryption complete: [ QVN0aHRDcVVoSTZRZHJ4WmxOMXcyZz09 ]
2023-10-19 00:46:48 : Starting Encryption... [ EMP20231019LZPg1Hn ]
2023-10-19 00:46:48 : Encryption complete: [ VktYaHZuZlFhT3dJam92Q1JTWkpoMG9MTzJSU1grVlBlQTBZYTY5TlN1ND0 ]
2023-10-19 00:46:48 : Starting Encryption... [ ::1 ]
2023-10-19 00:46:48 : Encryption complete: [ QVN0aHRDcVVoSTZRZHJ4WmxOMXcyZz09 ]
2023-10-19 00:46:48 : Starting Encryption... [ employee ]
2023-10-19 00:46:48 : Encryption complete: [ TllJeTNxTlUzOVhSdFRCNFEwSm5tUT09 ]
2023-10-19 00:46:48 : Starting Encryption... [ ::1 ]
2023-10-19 00:46:48 : Encryption complete: [ QVN0aHRDcVVoSTZRZHJ4WmxOMXcyZz09 ]
2023-10-19 00:46:48 : Starting Encryption... [ view_members ]
2023-10-19 00:46:48 : Encryption complete: [ ZlYwcUE1bWs2UDVYeHVZbHJsSjFXUT09 ]
2023-10-19 00:46:48 : Starting Encryption... [ ::1 ]
2023-10-19 00:46:48 : Encryption complete: [ QVN0aHRDcVVoSTZRZHJ4WmxOMXcyZz09 ]
2023-10-19 00:46:48 : Starting Encryption... [ EMP20231019MeEKDxY ]
2023-10-19 00:46:48 : Encryption complete: [ cnU3aGc0TE9NeVFFbFJVdE42c3JULzJjVTh6RVNPM1RlWUVLZHVrZ3ZkTT0 ]
2023-10-19 00:46:48 : Starting Encryption... [ ::1 ]
2023-10-19 00:46:48 : Encryption complete: [ QVN0aHRDcVVoSTZRZHJ4WmxOMXcyZz09 ]
2023-10-19 00:46:48 : Starting Encryption... [ employee ]
2023-10-19 00:46:48 : Encryption complete: [ TllJeTNxTlUzOVhSdFRCNFEwSm5tUT09 ]
2023-10-19 00:46:48 : Starting Encryption... [ ::1 ]
2023-10-19 00:46:48 : Encryption complete: [ QVN0aHRDcVVoSTZRZHJ4WmxOMXcyZz09 ]
2023-10-19 00:46:48 : Starting Encryption... [ view_members ]
2023-10-19 00:46:48 : Encryption complete: [ ZlYwcUE1bWs2UDVYeHVZbHJsSjFXUT09 ]
2023-10-19 00:46:48 : Starting Encryption... [ ::1 ]
2023-10-19 00:46:48 : Encryption complete: [ QVN0aHRDcVVoSTZRZHJ4WmxOMXcyZz09 ]
2023-10-19 00:46:48 : Starting Encryption... [ EMP20231019Tr2pvdl ]
2023-10-19 00:46:48 : Encryption complete: [ WlhJVWhXa0x1V21qWmlZV01sM2hTd3RaK0djMXE0U05IMHU5ZVhIMHNGQT0 ]
2023-10-19 00:46:48 : Starting Encryption... [ ::1 ]
2023-10-19 00:46:48 : Encryption complete: [ QVN0aHRDcVVoSTZRZHJ4WmxOMXcyZz09 ]
2023-10-19 00:46:48 : Starting Encryption... [ employee ]
2023-10-19 00:46:48 : Encryption complete: [ TllJeTNxTlUzOVhSdFRCNFEwSm5tUT09 ]
2023-10-19 00:46:48 : Starting Encryption... [ ::1 ]
2023-10-19 00:46:48 : Encryption complete: [ QVN0aHRDcVVoSTZRZHJ4WmxOMXcyZz09 ]
2023-10-19 00:46:48 : Starting Encryption... [ view_members ]
2023-10-19 00:46:48 : Encryption complete: [ ZlYwcUE1bWs2UDVYeHVZbHJsSjFXUT09 ]
2023-10-19 00:46:48 : Starting Encryption... [ ::1 ]
2023-10-19 00:46:48 : Encryption complete: [ QVN0aHRDcVVoSTZRZHJ4WmxOMXcyZz09 ]
2023-10-19 00:46:48 : Starting Encryption... [ EMP20231019VglyjmP ]
2023-10-19 00:46:48 : Encryption complete: [ TXpVVVNFMVpGMGVlNGFiV0VBR2EvcUVuTlhNU3d4QnJJZjljcnBLT2RuTT0 ]
2023-10-19 00:46:48 : Starting Encryption... [ ::1 ]
2023-10-19 00:46:48 : Encryption complete: [ QVN0aHRDcVVoSTZRZHJ4WmxOMXcyZz09 ]
2023-10-19 00:46:48 : Starting Encryption... [ employee ]
2023-10-19 00:46:48 : Encryption complete: [ TllJeTNxTlUzOVhSdFRCNFEwSm5tUT09 ]
2023-10-19 00:46:48 : Starting Encryption... [ ::1 ]
2023-10-19 00:46:48 : Encryption complete: [ QVN0aHRDcVVoSTZRZHJ4WmxOMXcyZz09 ]
2023-10-19 00:46:48 : Starting Encryption... [ view_members ]
2023-10-19 00:46:48 : Encryption complete: [ ZlYwcUE1bWs2UDVYeHVZbHJsSjFXUT09 ]
 : Timezone set to: [  Africa/Nairobi ]
2023-10-19 00:47:03 : Last activity time: [ 1697665623 ]
2023-10-19 00:47:03 : Trying Database connection...
2023-10-19 00:47:03 : Database connection successfull
2023-10-19 00:47:03 : Trying Database connection...
2023-10-19 00:47:03 : Database connection successfull
2023-10-19 00:47:03 : Starting Encryption... [ ::1 ]
2023-10-19 00:47:03 : Encryption complete: [ QVN0aHRDcVVoSTZRZHJ4WmxOMXcyZz09 ]
2023-10-19 00:47:03 : Starting Encryption... [ VOC20230930gteD3fb ]
2023-10-19 00:47:03 : Encryption complete: [ LytORHh3V3Z4V1RUR0dzTUxmWUlhSlI5b3Nna1Q2YXE4Qzl5M1NrWGJuND0 ]
2023-10-19 00:47:03 : Starting Encryption... [ ::1 ]
2023-10-19 00:47:03 : Encryption complete: [ QVN0aHRDcVVoSTZRZHJ4WmxOMXcyZz09 ]
2023-10-19 00:47:03 : Starting Encryption... [ voucher ]
2023-10-19 00:47:03 : Encryption complete: [ SDRlQnJSOVZ6dGJsa1F0K1hBOHpEQT09 ]
2023-10-19 00:47:03 : Starting Encryption... [ ::1 ]
2023-10-19 00:47:03 : Encryption complete: [ QVN0aHRDcVVoSTZRZHJ4WmxOMXcyZz09 ]
2023-10-19 00:47:03 : Starting Encryption... [ view_vouchers ]
2023-10-19 00:47:03 : Encryption complete: [ V0JKTGhjT3pEcHZlaW9XT0ozVFNOdz09 ]
2023-10-19 00:47:03 : Starting Encryption... [ ::1 ]
2023-10-19 00:47:03 : Encryption complete: [ QVN0aHRDcVVoSTZRZHJ4WmxOMXcyZz09 ]
2023-10-19 00:47:03 : Starting Encryption... [ VOC20230930H7YhnU6 ]
2023-10-19 00:47:03 : Encryption complete: [ Q0p6bHhWa0Jwc0kzaEZsVFp6OFppTS9QeTNPKzJ6TmF6OGxBV2hxQkIrcz0 ]
2023-10-19 00:47:03 : Starting Encryption... [ ::1 ]
2023-10-19 00:47:03 : Encryption complete: [ QVN0aHRDcVVoSTZRZHJ4WmxOMXcyZz09 ]
2023-10-19 00:47:03 : Starting Encryption... [ voucher ]
2023-10-19 00:47:03 : Encryption complete: [ SDRlQnJSOVZ6dGJsa1F0K1hBOHpEQT09 ]
2023-10-19 00:47:03 : Starting Encryption... [ ::1 ]
2023-10-19 00:47:03 : Encryption complete: [ QVN0aHRDcVVoSTZRZHJ4WmxOMXcyZz09 ]
2023-10-19 00:47:03 : Starting Encryption... [ view_vouchers ]
2023-10-19 00:47:03 : Encryption complete: [ V0JKTGhjT3pEcHZlaW9XT0ozVFNOdz09 ]
2023-10-19 00:47:03 : Starting Encryption... [ ::1 ]
2023-10-19 00:47:03 : Encryption complete: [ QVN0aHRDcVVoSTZRZHJ4WmxOMXcyZz09 ]
2023-10-19 00:47:03 : Starting Encryption... [ VOC20230930htRck4a ]
2023-10-19 00:47:03 : Encryption complete: [ UGNXNG9CRHBBMktLTGw1U1c0Qkk1NjdqRnZsWTl1dTBNY3FHRHR2SjdEcz0 ]
2023-10-19 00:47:03 : Starting Encryption... [ ::1 ]
2023-10-19 00:47:03 : Encryption complete: [ QVN0aHRDcVVoSTZRZHJ4WmxOMXcyZz09 ]
2023-10-19 00:47:03 : Starting Encryption... [ voucher ]
2023-10-19 00:47:03 : Encryption complete: [ SDRlQnJSOVZ6dGJsa1F0K1hBOHpEQT09 ]
2023-10-19 00:47:03 : Starting Encryption... [ ::1 ]
2023-10-19 00:47:03 : Encryption complete: [ QVN0aHRDcVVoSTZRZHJ4WmxOMXcyZz09 ]
2023-10-19 00:47:03 : Starting Encryption... [ view_vouchers ]
2023-10-19 00:47:03 : Encryption complete: [ V0JKTGhjT3pEcHZlaW9XT0ozVFNOdz09 ]
2023-10-19 00:47:03 : Starting Encryption... [ ::1 ]
2023-10-19 00:47:03 : Encryption complete: [ QVN0aHRDcVVoSTZRZHJ4WmxOMXcyZz09 ]
2023-10-19 00:47:03 : Starting Encryption... [ VOC20230930mcWlwH9 ]
2023-10-19 00:47:03 : Encryption complete: [ TTlrbzZwK2xZak16Sy9VTE1teTBVdE5qSzNFeDY3Q2J1cytPYlplR2dyQT0 ]
2023-10-19 00:47:03 : Starting Encryption... [ ::1 ]
2023-10-19 00:47:03 : Encryption complete: [ QVN0aHRDcVVoSTZRZHJ4WmxOMXcyZz09 ]
2023-10-19 00:47:03 : Starting Encryption... [ voucher ]
2023-10-19 00:47:03 : Encryption complete: [ SDRlQnJSOVZ6dGJsa1F0K1hBOHpEQT09 ]
2023-10-19 00:47:03 : Starting Encryption... [ ::1 ]
2023-10-19 00:47:03 : Encryption complete: [ QVN0aHRDcVVoSTZRZHJ4WmxOMXcyZz09 ]
2023-10-19 00:47:03 : Starting Encryption... [ view_vouchers ]
2023-10-19 00:47:03 : Encryption complete: [ V0JKTGhjT3pEcHZlaW9XT0ozVFNOdz09 ]
2023-10-19 00:47:03 : Starting Encryption... [ ::1 ]
2023-10-19 00:47:03 : Encryption complete: [ QVN0aHRDcVVoSTZRZHJ4WmxOMXcyZz09 ]
2023-10-19 00:47:03 : Starting Encryption... [ VOC20230930oFbnNpS ]
2023-10-19 00:47:03 : Encryption complete: [ OFV0dGxSY3ljVXc0azVsOCtQdVBMNnVReGhqcFBSYmV0eGxTazJXU3FCST0 ]
2023-10-19 00:47:03 : Starting Encryption... [ ::1 ]
2023-10-19 00:47:03 : Encryption complete: [ QVN0aHRDcVVoSTZRZHJ4WmxOMXcyZz09 ]
2023-10-19 00:47:03 : Starting Encryption... [ voucher ]
2023-10-19 00:47:03 : Encryption complete: [ SDRlQnJSOVZ6dGJsa1F0K1hBOHpEQT09 ]
2023-10-19 00:47:03 : Starting Encryption... [ ::1 ]
2023-10-19 00:47:03 : Encryption complete: [ QVN0aHRDcVVoSTZRZHJ4WmxOMXcyZz09 ]
2023-10-19 00:47:03 : Starting Encryption... [ view_vouchers ]
2023-10-19 00:47:03 : Encryption complete: [ V0JKTGhjT3pEcHZlaW9XT0ozVFNOdz09 ]
 : Timezone set to: [  Africa/Nairobi ]
2023-10-19 00:48:03 : Last activity time: [ 1697665683 ]
2023-10-19 00:48:03 : Trying Database connection...
2023-10-19 00:48:03 : Database connection successfull
2023-10-19 00:48:03 : Trying Database connection...
2023-10-19 00:48:03 : Database connection successfull
2023-10-19 00:48:03 : Starting Encryption... [ ::1 ]
2023-10-19 00:48:03 : Encryption complete: [ QVN0aHRDcVVoSTZRZHJ4WmxOMXcyZz09 ]
2023-10-19 00:48:03 : Starting Encryption... [ VOC20230930gteD3fb ]
2023-10-19 00:48:03 : Encryption complete: [ LytORHh3V3Z4V1RUR0dzTUxmWUlhSlI5b3Nna1Q2YXE4Qzl5M1NrWGJuND0 ]
2023-10-19 00:48:03 : Starting Encryption... [ ::1 ]
2023-10-19 00:48:03 : Encryption complete: [ QVN0aHRDcVVoSTZRZHJ4WmxOMXcyZz09 ]
2023-10-19 00:48:03 : Starting Encryption... [ voucher ]
2023-10-19 00:48:03 : Encryption complete: [ SDRlQnJSOVZ6dGJsa1F0K1hBOHpEQT09 ]
2023-10-19 00:48:03 : Starting Encryption... [ ::1 ]
2023-10-19 00:48:03 : Encryption complete: [ QVN0aHRDcVVoSTZRZHJ4WmxOMXcyZz09 ]
2023-10-19 00:48:03 : Starting Encryption... [ view_vouchers ]
2023-10-19 00:48:03 : Encryption complete: [ V0JKTGhjT3pEcHZlaW9XT0ozVFNOdz09 ]
2023-10-19 00:48:03 : Starting Encryption... [ ::1 ]
2023-10-19 00:48:03 : Encryption complete: [ QVN0aHRDcVVoSTZRZHJ4WmxOMXcyZz09 ]
2023-10-19 00:48:03 : Starting Encryption... [ VOC20230930H7YhnU6 ]
2023-10-19 00:48:03 : Encryption complete: [ Q0p6bHhWa0Jwc0kzaEZsVFp6OFppTS9QeTNPKzJ6TmF6OGxBV2hxQkIrcz0 ]
2023-10-19 00:48:03 : Starting Encryption... [ ::1 ]
2023-10-19 00:48:03 : Encryption complete: [ QVN0aHRDcVVoSTZRZHJ4WmxOMXcyZz09 ]
2023-10-19 00:48:03 : Starting Encryption... [ voucher ]
2023-10-19 00:48:03 : Encryption complete: [ SDRlQnJSOVZ6dGJsa1F0K1hBOHpEQT09 ]
2023-10-19 00:48:03 : Starting Encryption... [ ::1 ]
2023-10-19 00:48:03 : Encryption complete: [ QVN0aHRDcVVoSTZRZHJ4WmxOMXcyZz09 ]
2023-10-19 00:48:03 : Starting Encryption... [ view_vouchers ]
2023-10-19 00:48:03 : Encryption complete: [ V0JKTGhjT3pEcHZlaW9XT0ozVFNOdz09 ]
2023-10-19 00:48:03 : Starting Encryption... [ ::1 ]
2023-10-19 00:48:03 : Encryption complete: [ QVN0aHRDcVVoSTZRZHJ4WmxOMXcyZz09 ]
2023-10-19 00:48:03 : Starting Encryption... [ VOC20230930htRck4a ]
2023-10-19 00:48:03 : Encryption complete: [ UGNXNG9CRHBBMktLTGw1U1c0Qkk1NjdqRnZsWTl1dTBNY3FHRHR2SjdEcz0 ]
2023-10-19 00:48:03 : Starting Encryption... [ ::1 ]
2023-10-19 00:48:03 : Encryption complete: [ QVN0aHRDcVVoSTZRZHJ4WmxOMXcyZz09 ]
2023-10-19 00:48:03 : Starting Encryption... [ voucher ]
2023-10-19 00:48:03 : Encryption complete: [ SDRlQnJSOVZ6dGJsa1F0K1hBOHpEQT09 ]
2023-10-19 00:48:03 : Starting Encryption... [ ::1 ]
2023-10-19 00:48:03 : Encryption complete: [ QVN0aHRDcVVoSTZRZHJ4WmxOMXcyZz09 ]
2023-10-19 00:48:03 : Starting Encryption... [ view_vouchers ]
2023-10-19 00:48:03 : Encryption complete: [ V0JKTGhjT3pEcHZlaW9XT0ozVFNOdz09 ]
2023-10-19 00:48:03 : Starting Encryption... [ ::1 ]
2023-10-19 00:48:03 : Encryption complete: [ QVN0aHRDcVVoSTZRZHJ4WmxOMXcyZz09 ]
2023-10-19 00:48:03 : Starting Encryption... [ VOC20230930mcWlwH9 ]
2023-10-19 00:48:03 : Encryption complete: [ TTlrbzZwK2xZak16Sy9VTE1teTBVdE5qSzNFeDY3Q2J1cytPYlplR2dyQT0 ]
2023-10-19 00:48:03 : Starting Encryption... [ ::1 ]
2023-10-19 00:48:03 : Encryption complete: [ QVN0aHRDcVVoSTZRZHJ4WmxOMXcyZz09 ]
2023-10-19 00:48:03 : Starting Encryption... [ voucher ]
2023-10-19 00:48:03 : Encryption complete: [ SDRlQnJSOVZ6dGJsa1F0K1hBOHpEQT09 ]
2023-10-19 00:48:03 : Starting Encryption... [ ::1 ]
2023-10-19 00:48:03 : Encryption complete: [ QVN0aHRDcVVoSTZRZHJ4WmxOMXcyZz09 ]
2023-10-19 00:48:03 : Starting Encryption... [ view_vouchers ]
2023-10-19 00:48:03 : Encryption complete: [ V0JKTGhjT3pEcHZlaW9XT0ozVFNOdz09 ]
2023-10-19 00:48:03 : Starting Encryption... [ ::1 ]
2023-10-19 00:48:03 : Encryption complete: [ QVN0aHRDcVVoSTZRZHJ4WmxOMXcyZz09 ]
2023-10-19 00:48:03 : Starting Encryption... [ VOC20230930oFbnNpS ]
2023-10-19 00:48:03 : Encryption complete: [ OFV0dGxSY3ljVXc0azVsOCtQdVBMNnVReGhqcFBSYmV0eGxTazJXU3FCST0 ]
2023-10-19 00:48:03 : Starting Encryption... [ ::1 ]
2023-10-19 00:48:03 : Encryption complete: [ QVN0aHRDcVVoSTZRZHJ4WmxOMXcyZz09 ]
2023-10-19 00:48:03 : Starting Encryption... [ voucher ]
2023-10-19 00:48:03 : Encryption complete: [ SDRlQnJSOVZ6dGJsa1F0K1hBOHpEQT09 ]
2023-10-19 00:48:03 : Starting Encryption... [ ::1 ]
2023-10-19 00:48:03 : Encryption complete: [ QVN0aHRDcVVoSTZRZHJ4WmxOMXcyZz09 ]
2023-10-19 00:48:03 : Starting Encryption... [ view_vouchers ]
2023-10-19 00:48:03 : Encryption complete: [ V0JKTGhjT3pEcHZlaW9XT0ozVFNOdz09 ]
 : Timezone set to: [  Africa/Nairobi ]
2023-10-19 00:48:15 : Last activity time: [ 1697665695 ]
2023-10-19 00:48:15 : Trying Database connection...
2023-10-19 00:48:15 : Database connection successfull
2023-10-19 00:48:15 : Trying Database connection...
2023-10-19 00:48:15 : Database connection successfull
2023-10-19 00:48:15 : Starting Encryption... [ ::1 ]
2023-10-19 00:48:15 : Encryption complete: [ QVN0aHRDcVVoSTZRZHJ4WmxOMXcyZz09 ]
2023-10-19 00:48:15 : Starting Encryption... [ EMP20231019g6MEq2o ]
2023-10-19 00:48:15 : Encryption complete: [ N0NkeXNvNnlXK3lubHBmbzBIYWsxWm96WEFnOFFBZ01rMXhBdjVEb05QND0 ]
2023-10-19 00:48:15 : Starting Encryption... [ ::1 ]
2023-10-19 00:48:15 : Encryption complete: [ QVN0aHRDcVVoSTZRZHJ4WmxOMXcyZz09 ]
2023-10-19 00:48:15 : Starting Encryption... [ employee ]
2023-10-19 00:48:15 : Encryption complete: [ TllJeTNxTlUzOVhSdFRCNFEwSm5tUT09 ]
2023-10-19 00:48:15 : Starting Encryption... [ ::1 ]
2023-10-19 00:48:15 : Encryption complete: [ QVN0aHRDcVVoSTZRZHJ4WmxOMXcyZz09 ]
2023-10-19 00:48:15 : Starting Encryption... [ view_members ]
2023-10-19 00:48:15 : Encryption complete: [ ZlYwcUE1bWs2UDVYeHVZbHJsSjFXUT09 ]
2023-10-19 00:48:15 : Starting Encryption... [ ::1 ]
2023-10-19 00:48:15 : Encryption complete: [ QVN0aHRDcVVoSTZRZHJ4WmxOMXcyZz09 ]
2023-10-19 00:48:15 : Starting Encryption... [ EMP20231019LZPg1Hn ]
2023-10-19 00:48:15 : Encryption complete: [ VktYaHZuZlFhT3dJam92Q1JTWkpoMG9MTzJSU1grVlBlQTBZYTY5TlN1ND0 ]
2023-10-19 00:48:15 : Starting Encryption... [ ::1 ]
2023-10-19 00:48:15 : Encryption complete: [ QVN0aHRDcVVoSTZRZHJ4WmxOMXcyZz09 ]
2023-10-19 00:48:15 : Starting Encryption... [ employee ]
2023-10-19 00:48:15 : Encryption complete: [ TllJeTNxTlUzOVhSdFRCNFEwSm5tUT09 ]
2023-10-19 00:48:15 : Starting Encryption... [ ::1 ]
2023-10-19 00:48:15 : Encryption complete: [ QVN0aHRDcVVoSTZRZHJ4WmxOMXcyZz09 ]
2023-10-19 00:48:15 : Starting Encryption... [ view_members ]
2023-10-19 00:48:15 : Encryption complete: [ ZlYwcUE1bWs2UDVYeHVZbHJsSjFXUT09 ]
2023-10-19 00:48:15 : Starting Encryption... [ ::1 ]
2023-10-19 00:48:15 : Encryption complete: [ QVN0aHRDcVVoSTZRZHJ4WmxOMXcyZz09 ]
2023-10-19 00:48:15 : Starting Encryption... [ EMP20231019MeEKDxY ]
2023-10-19 00:48:15 : Encryption complete: [ cnU3aGc0TE9NeVFFbFJVdE42c3JULzJjVTh6RVNPM1RlWUVLZHVrZ3ZkTT0 ]
2023-10-19 00:48:15 : Starting Encryption... [ ::1 ]
2023-10-19 00:48:15 : Encryption complete: [ QVN0aHRDcVVoSTZRZHJ4WmxOMXcyZz09 ]
2023-10-19 00:48:15 : Starting Encryption... [ employee ]
2023-10-19 00:48:15 : Encryption complete: [ TllJeTNxTlUzOVhSdFRCNFEwSm5tUT09 ]
2023-10-19 00:48:15 : Starting Encryption... [ ::1 ]
2023-10-19 00:48:15 : Encryption complete: [ QVN0aHRDcVVoSTZRZHJ4WmxOMXcyZz09 ]
2023-10-19 00:48:15 : Starting Encryption... [ view_members ]
2023-10-19 00:48:15 : Encryption complete: [ ZlYwcUE1bWs2UDVYeHVZbHJsSjFXUT09 ]
2023-10-19 00:48:15 : Starting Encryption... [ ::1 ]
2023-10-19 00:48:15 : Encryption complete: [ QVN0aHRDcVVoSTZRZHJ4WmxOMXcyZz09 ]
2023-10-19 00:48:15 : Starting Encryption... [ EMP20231019Tr2pvdl ]
2023-10-19 00:48:15 : Encryption complete: [ WlhJVWhXa0x1V21qWmlZV01sM2hTd3RaK0djMXE0U05IMHU5ZVhIMHNGQT0 ]
2023-10-19 00:48:15 : Starting Encryption... [ ::1 ]
2023-10-19 00:48:15 : Encryption complete: [ QVN0aHRDcVVoSTZRZHJ4WmxOMXcyZz09 ]
2023-10-19 00:48:15 : Starting Encryption... [ employee ]
2023-10-19 00:48:15 : Encryption complete: [ TllJeTNxTlUzOVhSdFRCNFEwSm5tUT09 ]
2023-10-19 00:48:15 : Starting Encryption... [ ::1 ]
2023-10-19 00:48:15 : Encryption complete: [ QVN0aHRDcVVoSTZRZHJ4WmxOMXcyZz09 ]
2023-10-19 00:48:15 : Starting Encryption... [ view_members ]
2023-10-19 00:48:15 : Encryption complete: [ ZlYwcUE1bWs2UDVYeHVZbHJsSjFXUT09 ]
2023-10-19 00:48:15 : Starting Encryption... [ ::1 ]
2023-10-19 00:48:15 : Encryption complete: [ QVN0aHRDcVVoSTZRZHJ4WmxOMXcyZz09 ]
2023-10-19 00:48:15 : Starting Encryption... [ EMP20231019VglyjmP ]
2023-10-19 00:48:15 : Encryption complete: [ TXpVVVNFMVpGMGVlNGFiV0VBR2EvcUVuTlhNU3d4QnJJZjljcnBLT2RuTT0 ]
2023-10-19 00:48:15 : Starting Encryption... [ ::1 ]
2023-10-19 00:48:15 : Encryption complete: [ QVN0aHRDcVVoSTZRZHJ4WmxOMXcyZz09 ]
2023-10-19 00:48:15 : Starting Encryption... [ employee ]
2023-10-19 00:48:15 : Encryption complete: [ TllJeTNxTlUzOVhSdFRCNFEwSm5tUT09 ]
2023-10-19 00:48:15 : Starting Encryption... [ ::1 ]
2023-10-19 00:48:15 : Encryption complete: [ QVN0aHRDcVVoSTZRZHJ4WmxOMXcyZz09 ]
2023-10-19 00:48:15 : Starting Encryption... [ view_members ]
2023-10-19 00:48:15 : Encryption complete: [ ZlYwcUE1bWs2UDVYeHVZbHJsSjFXUT09 ]
 : Timezone set to: [  Africa/Nairobi ]
2023-10-19 00:48:54 : Last activity time: [ 1697665734 ]
2023-10-19 00:48:54 : Trying Database connection...
2023-10-19 00:48:54 : Database connection successfull
2023-10-19 00:48:54 : Trying Database connection...
2023-10-19 00:48:54 : Database connection successfull
2023-10-19 00:48:54 : Starting Encryption... [ ::1 ]
2023-10-19 00:48:54 : Encryption complete: [ QVN0aHRDcVVoSTZRZHJ4WmxOMXcyZz09 ]
2023-10-19 00:48:54 : Starting Encryption... [ EMP20231019g6MEq2o ]
2023-10-19 00:48:54 : Encryption complete: [ N0NkeXNvNnlXK3lubHBmbzBIYWsxWm96WEFnOFFBZ01rMXhBdjVEb05QND0 ]
2023-10-19 00:48:54 : Starting Encryption... [ ::1 ]
2023-10-19 00:48:54 : Encryption complete: [ QVN0aHRDcVVoSTZRZHJ4WmxOMXcyZz09 ]
2023-10-19 00:48:54 : Starting Encryption... [ employee ]
2023-10-19 00:48:54 : Encryption complete: [ TllJeTNxTlUzOVhSdFRCNFEwSm5tUT09 ]
2023-10-19 00:48:54 : Starting Encryption... [ ::1 ]
2023-10-19 00:48:54 : Encryption complete: [ QVN0aHRDcVVoSTZRZHJ4WmxOMXcyZz09 ]
2023-10-19 00:48:54 : Starting Encryption... [ view_members ]
2023-10-19 00:48:54 : Encryption complete: [ ZlYwcUE1bWs2UDVYeHVZbHJsSjFXUT09 ]
2023-10-19 00:48:54 : Starting Encryption... [ ::1 ]
2023-10-19 00:48:54 : Encryption complete: [ QVN0aHRDcVVoSTZRZHJ4WmxOMXcyZz09 ]
2023-10-19 00:48:54 : Starting Encryption... [ EMP20231019LZPg1Hn ]
2023-10-19 00:48:54 : Encryption complete: [ VktYaHZuZlFhT3dJam92Q1JTWkpoMG9MTzJSU1grVlBlQTBZYTY5TlN1ND0 ]
2023-10-19 00:48:54 : Starting Encryption... [ ::1 ]
2023-10-19 00:48:54 : Encryption complete: [ QVN0aHRDcVVoSTZRZHJ4WmxOMXcyZz09 ]
2023-10-19 00:48:54 : Starting Encryption... [ employee ]
2023-10-19 00:48:54 : Encryption complete: [ TllJeTNxTlUzOVhSdFRCNFEwSm5tUT09 ]
2023-10-19 00:48:54 : Starting Encryption... [ ::1 ]
2023-10-19 00:48:54 : Encryption complete: [ QVN0aHRDcVVoSTZRZHJ4WmxOMXcyZz09 ]
2023-10-19 00:48:54 : Starting Encryption... [ view_members ]
2023-10-19 00:48:54 : Encryption complete: [ ZlYwcUE1bWs2UDVYeHVZbHJsSjFXUT09 ]
2023-10-19 00:48:54 : Starting Encryption... [ ::1 ]
2023-10-19 00:48:54 : Encryption complete: [ QVN0aHRDcVVoSTZRZHJ4WmxOMXcyZz09 ]
2023-10-19 00:48:54 : Starting Encryption... [ EMP20231019MeEKDxY ]
2023-10-19 00:48:54 : Encryption complete: [ cnU3aGc0TE9NeVFFbFJVdE42c3JULzJjVTh6RVNPM1RlWUVLZHVrZ3ZkTT0 ]
2023-10-19 00:48:54 : Starting Encryption... [ ::1 ]
2023-10-19 00:48:54 : Encryption complete: [ QVN0aHRDcVVoSTZRZHJ4WmxOMXcyZz09 ]
2023-10-19 00:48:54 : Starting Encryption... [ employee ]
2023-10-19 00:48:54 : Encryption complete: [ TllJeTNxTlUzOVhSdFRCNFEwSm5tUT09 ]
2023-10-19 00:48:54 : Starting Encryption... [ ::1 ]
2023-10-19 00:48:54 : Encryption complete: [ QVN0aHRDcVVoSTZRZHJ4WmxOMXcyZz09 ]
2023-10-19 00:48:54 : Starting Encryption... [ view_members ]
2023-10-19 00:48:54 : Encryption complete: [ ZlYwcUE1bWs2UDVYeHVZbHJsSjFXUT09 ]
2023-10-19 00:48:54 : Starting Encryption... [ ::1 ]
2023-10-19 00:48:54 : Encryption complete: [ QVN0aHRDcVVoSTZRZHJ4WmxOMXcyZz09 ]
2023-10-19 00:48:54 : Starting Encryption... [ EMP20231019Tr2pvdl ]
2023-10-19 00:48:54 : Encryption complete: [ WlhJVWhXa0x1V21qWmlZV01sM2hTd3RaK0djMXE0U05IMHU5ZVhIMHNGQT0 ]
2023-10-19 00:48:54 : Starting Encryption... [ ::1 ]
2023-10-19 00:48:54 : Encryption complete: [ QVN0aHRDcVVoSTZRZHJ4WmxOMXcyZz09 ]
2023-10-19 00:48:54 : Starting Encryption... [ employee ]
2023-10-19 00:48:54 : Encryption complete: [ TllJeTNxTlUzOVhSdFRCNFEwSm5tUT09 ]
2023-10-19 00:48:54 : Starting Encryption... [ ::1 ]
2023-10-19 00:48:54 : Encryption complete: [ QVN0aHRDcVVoSTZRZHJ4WmxOMXcyZz09 ]
2023-10-19 00:48:54 : Starting Encryption... [ view_members ]
2023-10-19 00:48:54 : Encryption complete: [ ZlYwcUE1bWs2UDVYeHVZbHJsSjFXUT09 ]
2023-10-19 00:48:54 : Starting Encryption... [ ::1 ]
2023-10-19 00:48:54 : Encryption complete: [ QVN0aHRDcVVoSTZRZHJ4WmxOMXcyZz09 ]
2023-10-19 00:48:54 : Starting Encryption... [ EMP20231019VglyjmP ]
2023-10-19 00:48:54 : Encryption complete: [ TXpVVVNFMVpGMGVlNGFiV0VBR2EvcUVuTlhNU3d4QnJJZjljcnBLT2RuTT0 ]
2023-10-19 00:48:54 : Starting Encryption... [ ::1 ]
2023-10-19 00:48:54 : Encryption complete: [ QVN0aHRDcVVoSTZRZHJ4WmxOMXcyZz09 ]
2023-10-19 00:48:54 : Starting Encryption... [ employee ]
2023-10-19 00:48:54 : Encryption complete: [ TllJeTNxTlUzOVhSdFRCNFEwSm5tUT09 ]
2023-10-19 00:48:54 : Starting Encryption... [ ::1 ]
2023-10-19 00:48:54 : Encryption complete: [ QVN0aHRDcVVoSTZRZHJ4WmxOMXcyZz09 ]
2023-10-19 00:48:54 : Starting Encryption... [ view_members ]
2023-10-19 00:48:54 : Encryption complete: [ ZlYwcUE1bWs2UDVYeHVZbHJsSjFXUT09 ]
 : Timezone set to: [  Africa/Nairobi ]
2023-10-19 00:50:31 : Last activity time: [ 1697665831 ]
2023-10-19 00:50:31 : Trying Database connection...
2023-10-19 00:50:31 : Database connection successfull
2023-10-19 00:50:31 : Trying Database connection...
2023-10-19 00:50:31 : Database connection successfull
2023-10-19 00:50:31 : Starting Encryption... [ ::1 ]
2023-10-19 00:50:31 : Encryption complete: [ QVN0aHRDcVVoSTZRZHJ4WmxOMXcyZz09 ]
2023-10-19 00:50:31 : Starting Encryption... [ EMP20231019g6MEq2o ]
2023-10-19 00:50:31 : Encryption complete: [ N0NkeXNvNnlXK3lubHBmbzBIYWsxWm96WEFnOFFBZ01rMXhBdjVEb05QND0 ]
2023-10-19 00:50:31 : Starting Encryption... [ ::1 ]
2023-10-19 00:50:31 : Encryption complete: [ QVN0aHRDcVVoSTZRZHJ4WmxOMXcyZz09 ]
2023-10-19 00:50:31 : Starting Encryption... [ employee ]
2023-10-19 00:50:31 : Encryption complete: [ TllJeTNxTlUzOVhSdFRCNFEwSm5tUT09 ]
2023-10-19 00:50:31 : Starting Encryption... [ ::1 ]
2023-10-19 00:50:31 : Encryption complete: [ QVN0aHRDcVVoSTZRZHJ4WmxOMXcyZz09 ]
2023-10-19 00:50:31 : Starting Encryption... [ view_members ]
2023-10-19 00:50:31 : Encryption complete: [ ZlYwcUE1bWs2UDVYeHVZbHJsSjFXUT09 ]
2023-10-19 00:50:31 : Starting Encryption... [ ::1 ]
2023-10-19 00:50:31 : Encryption complete: [ QVN0aHRDcVVoSTZRZHJ4WmxOMXcyZz09 ]
2023-10-19 00:50:31 : Starting Encryption... [ EMP20231019LZPg1Hn ]
2023-10-19 00:50:31 : Encryption complete: [ VktYaHZuZlFhT3dJam92Q1JTWkpoMG9MTzJSU1grVlBlQTBZYTY5TlN1ND0 ]
2023-10-19 00:50:31 : Starting Encryption... [ ::1 ]
2023-10-19 00:50:31 : Encryption complete: [ QVN0aHRDcVVoSTZRZHJ4WmxOMXcyZz09 ]
2023-10-19 00:50:31 : Starting Encryption... [ employee ]
2023-10-19 00:50:31 : Encryption complete: [ TllJeTNxTlUzOVhSdFRCNFEwSm5tUT09 ]
2023-10-19 00:50:31 : Starting Encryption... [ ::1 ]
2023-10-19 00:50:31 : Encryption complete: [ QVN0aHRDcVVoSTZRZHJ4WmxOMXcyZz09 ]
2023-10-19 00:50:31 : Starting Encryption... [ view_members ]
2023-10-19 00:50:31 : Encryption complete: [ ZlYwcUE1bWs2UDVYeHVZbHJsSjFXUT09 ]
2023-10-19 00:50:31 : Starting Encryption... [ ::1 ]
2023-10-19 00:50:31 : Encryption complete: [ QVN0aHRDcVVoSTZRZHJ4WmxOMXcyZz09 ]
2023-10-19 00:50:31 : Starting Encryption... [ EMP20231019MeEKDxY ]
2023-10-19 00:50:31 : Encryption complete: [ cnU3aGc0TE9NeVFFbFJVdE42c3JULzJjVTh6RVNPM1RlWUVLZHVrZ3ZkTT0 ]
2023-10-19 00:50:31 : Starting Encryption... [ ::1 ]
2023-10-19 00:50:31 : Encryption complete: [ QVN0aHRDcVVoSTZRZHJ4WmxOMXcyZz09 ]
2023-10-19 00:50:31 : Starting Encryption... [ employee ]
2023-10-19 00:50:31 : Encryption complete: [ TllJeTNxTlUzOVhSdFRCNFEwSm5tUT09 ]
2023-10-19 00:50:31 : Starting Encryption... [ ::1 ]
2023-10-19 00:50:31 : Encryption complete: [ QVN0aHRDcVVoSTZRZHJ4WmxOMXcyZz09 ]
2023-10-19 00:50:31 : Starting Encryption... [ view_members ]
2023-10-19 00:50:31 : Encryption complete: [ ZlYwcUE1bWs2UDVYeHVZbHJsSjFXUT09 ]
2023-10-19 00:50:31 : Starting Encryption... [ ::1 ]
2023-10-19 00:50:31 : Encryption complete: [ QVN0aHRDcVVoSTZRZHJ4WmxOMXcyZz09 ]
2023-10-19 00:50:31 : Starting Encryption... [ EMP20231019Tr2pvdl ]
2023-10-19 00:50:31 : Encryption complete: [ WlhJVWhXa0x1V21qWmlZV01sM2hTd3RaK0djMXE0U05IMHU5ZVhIMHNGQT0 ]
2023-10-19 00:50:31 : Starting Encryption... [ ::1 ]
2023-10-19 00:50:31 : Encryption complete: [ QVN0aHRDcVVoSTZRZHJ4WmxOMXcyZz09 ]
2023-10-19 00:50:31 : Starting Encryption... [ employee ]
2023-10-19 00:50:31 : Encryption complete: [ TllJeTNxTlUzOVhSdFRCNFEwSm5tUT09 ]
2023-10-19 00:50:31 : Starting Encryption... [ ::1 ]
2023-10-19 00:50:31 : Encryption complete: [ QVN0aHRDcVVoSTZRZHJ4WmxOMXcyZz09 ]
2023-10-19 00:50:31 : Starting Encryption... [ view_members ]
2023-10-19 00:50:31 : Encryption complete: [ ZlYwcUE1bWs2UDVYeHVZbHJsSjFXUT09 ]
2023-10-19 00:50:31 : Starting Encryption... [ ::1 ]
2023-10-19 00:50:31 : Encryption complete: [ QVN0aHRDcVVoSTZRZHJ4WmxOMXcyZz09 ]
2023-10-19 00:50:31 : Starting Encryption... [ EMP20231019VglyjmP ]
2023-10-19 00:50:31 : Encryption complete: [ TXpVVVNFMVpGMGVlNGFiV0VBR2EvcUVuTlhNU3d4QnJJZjljcnBLT2RuTT0 ]
2023-10-19 00:50:31 : Starting Encryption... [ ::1 ]
2023-10-19 00:50:31 : Encryption complete: [ QVN0aHRDcVVoSTZRZHJ4WmxOMXcyZz09 ]
2023-10-19 00:50:31 : Starting Encryption... [ employee ]
2023-10-19 00:50:31 : Encryption complete: [ TllJeTNxTlUzOVhSdFRCNFEwSm5tUT09 ]
2023-10-19 00:50:31 : Starting Encryption... [ ::1 ]
2023-10-19 00:50:31 : Encryption complete: [ QVN0aHRDcVVoSTZRZHJ4WmxOMXcyZz09 ]
2023-10-19 00:50:31 : Starting Encryption... [ view_members ]
2023-10-19 00:50:31 : Encryption complete: [ ZlYwcUE1bWs2UDVYeHVZbHJsSjFXUT09 ]
 : Timezone set to: [  Africa/Nairobi ]
2023-10-19 00:51:21 : Last activity time: [ 1697665881 ]
2023-10-19 00:51:21 : Trying Database connection...
2023-10-19 00:51:21 : Database connection successfull
2023-10-19 00:51:21 : Trying Database connection...
2023-10-19 00:51:21 : Database connection successfull
2023-10-19 00:51:21 : Starting Encryption... [ ::1 ]
2023-10-19 00:51:21 : Encryption complete: [ QVN0aHRDcVVoSTZRZHJ4WmxOMXcyZz09 ]
2023-10-19 00:51:21 : Starting Encryption... [ EMP20231019g6MEq2o ]
2023-10-19 00:51:21 : Encryption complete: [ N0NkeXNvNnlXK3lubHBmbzBIYWsxWm96WEFnOFFBZ01rMXhBdjVEb05QND0 ]
2023-10-19 00:51:21 : Starting Encryption... [ ::1 ]
2023-10-19 00:51:21 : Encryption complete: [ QVN0aHRDcVVoSTZRZHJ4WmxOMXcyZz09 ]
2023-10-19 00:51:21 : Starting Encryption... [ employee ]
2023-10-19 00:51:21 : Encryption complete: [ TllJeTNxTlUzOVhSdFRCNFEwSm5tUT09 ]
2023-10-19 00:51:21 : Starting Encryption... [ ::1 ]
2023-10-19 00:51:21 : Encryption complete: [ QVN0aHRDcVVoSTZRZHJ4WmxOMXcyZz09 ]
2023-10-19 00:51:21 : Starting Encryption... [ view_members ]
2023-10-19 00:51:21 : Encryption complete: [ ZlYwcUE1bWs2UDVYeHVZbHJsSjFXUT09 ]
2023-10-19 00:51:21 : Starting Encryption... [ ::1 ]
2023-10-19 00:51:21 : Encryption complete: [ QVN0aHRDcVVoSTZRZHJ4WmxOMXcyZz09 ]
2023-10-19 00:51:21 : Starting Encryption... [ EMP20231019LZPg1Hn ]
2023-10-19 00:51:21 : Encryption complete: [ VktYaHZuZlFhT3dJam92Q1JTWkpoMG9MTzJSU1grVlBlQTBZYTY5TlN1ND0 ]
2023-10-19 00:51:21 : Starting Encryption... [ ::1 ]
2023-10-19 00:51:21 : Encryption complete: [ QVN0aHRDcVVoSTZRZHJ4WmxOMXcyZz09 ]
2023-10-19 00:51:21 : Starting Encryption... [ employee ]
2023-10-19 00:51:21 : Encryption complete: [ TllJeTNxTlUzOVhSdFRCNFEwSm5tUT09 ]
2023-10-19 00:51:21 : Starting Encryption... [ ::1 ]
2023-10-19 00:51:21 : Encryption complete: [ QVN0aHRDcVVoSTZRZHJ4WmxOMXcyZz09 ]
2023-10-19 00:51:21 : Starting Encryption... [ view_members ]
2023-10-19 00:51:21 : Encryption complete: [ ZlYwcUE1bWs2UDVYeHVZbHJsSjFXUT09 ]
2023-10-19 00:51:21 : Starting Encryption... [ ::1 ]
2023-10-19 00:51:21 : Encryption complete: [ QVN0aHRDcVVoSTZRZHJ4WmxOMXcyZz09 ]
2023-10-19 00:51:21 : Starting Encryption... [ EMP20231019MeEKDxY ]
2023-10-19 00:51:21 : Encryption complete: [ cnU3aGc0TE9NeVFFbFJVdE42c3JULzJjVTh6RVNPM1RlWUVLZHVrZ3ZkTT0 ]
2023-10-19 00:51:21 : Starting Encryption... [ ::1 ]
2023-10-19 00:51:21 : Encryption complete: [ QVN0aHRDcVVoSTZRZHJ4WmxOMXcyZz09 ]
2023-10-19 00:51:21 : Starting Encryption... [ employee ]
2023-10-19 00:51:21 : Encryption complete: [ TllJeTNxTlUzOVhSdFRCNFEwSm5tUT09 ]
2023-10-19 00:51:21 : Starting Encryption... [ ::1 ]
2023-10-19 00:51:21 : Encryption complete: [ QVN0aHRDcVVoSTZRZHJ4WmxOMXcyZz09 ]
2023-10-19 00:51:21 : Starting Encryption... [ view_members ]
2023-10-19 00:51:21 : Encryption complete: [ ZlYwcUE1bWs2UDVYeHVZbHJsSjFXUT09 ]
2023-10-19 00:51:21 : Starting Encryption... [ ::1 ]
2023-10-19 00:51:21 : Encryption complete: [ QVN0aHRDcVVoSTZRZHJ4WmxOMXcyZz09 ]
2023-10-19 00:51:21 : Starting Encryption... [ EMP20231019Tr2pvdl ]
2023-10-19 00:51:21 : Encryption complete: [ WlhJVWhXa0x1V21qWmlZV01sM2hTd3RaK0djMXE0U05IMHU5ZVhIMHNGQT0 ]
2023-10-19 00:51:21 : Starting Encryption... [ ::1 ]
2023-10-19 00:51:21 : Encryption complete: [ QVN0aHRDcVVoSTZRZHJ4WmxOMXcyZz09 ]
2023-10-19 00:51:21 : Starting Encryption... [ employee ]
2023-10-19 00:51:21 : Encryption complete: [ TllJeTNxTlUzOVhSdFRCNFEwSm5tUT09 ]
2023-10-19 00:51:21 : Starting Encryption... [ ::1 ]
2023-10-19 00:51:21 : Encryption complete: [ QVN0aHRDcVVoSTZRZHJ4WmxOMXcyZz09 ]
2023-10-19 00:51:21 : Starting Encryption... [ view_members ]
2023-10-19 00:51:21 : Encryption complete: [ ZlYwcUE1bWs2UDVYeHVZbHJsSjFXUT09 ]
2023-10-19 00:51:21 : Starting Encryption... [ ::1 ]
2023-10-19 00:51:21 : Encryption complete: [ QVN0aHRDcVVoSTZRZHJ4WmxOMXcyZz09 ]
2023-10-19 00:51:21 : Starting Encryption... [ EMP20231019VglyjmP ]
2023-10-19 00:51:21 : Encryption complete: [ TXpVVVNFMVpGMGVlNGFiV0VBR2EvcUVuTlhNU3d4QnJJZjljcnBLT2RuTT0 ]
2023-10-19 00:51:21 : Starting Encryption... [ ::1 ]
2023-10-19 00:51:21 : Encryption complete: [ QVN0aHRDcVVoSTZRZHJ4WmxOMXcyZz09 ]
2023-10-19 00:51:21 : Starting Encryption... [ employee ]
2023-10-19 00:51:21 : Encryption complete: [ TllJeTNxTlUzOVhSdFRCNFEwSm5tUT09 ]
2023-10-19 00:51:21 : Starting Encryption... [ ::1 ]
2023-10-19 00:51:21 : Encryption complete: [ QVN0aHRDcVVoSTZRZHJ4WmxOMXcyZz09 ]
2023-10-19 00:51:21 : Starting Encryption... [ view_members ]
2023-10-19 00:51:21 : Encryption complete: [ ZlYwcUE1bWs2UDVYeHVZbHJsSjFXUT09 ]
 : Timezone set to: [  Africa/Nairobi ]
2023-10-19 00:52:18 : Last activity time: [ 1697665938 ]
2023-10-19 00:52:18 : Trying Database connection...
2023-10-19 00:52:18 : Database connection successfull
2023-10-19 00:52:18 : Trying Database connection...
2023-10-19 00:52:18 : Database connection successfull
2023-10-19 00:52:18 : Starting Encryption... [ ::1 ]
2023-10-19 00:52:18 : Encryption complete: [ QVN0aHRDcVVoSTZRZHJ4WmxOMXcyZz09 ]
2023-10-19 00:52:18 : Starting Encryption... [ EMP20231019g6MEq2o ]
2023-10-19 00:52:18 : Encryption complete: [ N0NkeXNvNnlXK3lubHBmbzBIYWsxWm96WEFnOFFBZ01rMXhBdjVEb05QND0 ]
2023-10-19 00:52:18 : Starting Encryption... [ ::1 ]
2023-10-19 00:52:18 : Encryption complete: [ QVN0aHRDcVVoSTZRZHJ4WmxOMXcyZz09 ]
2023-10-19 00:52:18 : Starting Encryption... [ employee ]
2023-10-19 00:52:18 : Encryption complete: [ TllJeTNxTlUzOVhSdFRCNFEwSm5tUT09 ]
2023-10-19 00:52:18 : Starting Encryption... [ ::1 ]
2023-10-19 00:52:18 : Encryption complete: [ QVN0aHRDcVVoSTZRZHJ4WmxOMXcyZz09 ]
2023-10-19 00:52:18 : Starting Encryption... [ view_members ]
2023-10-19 00:52:18 : Encryption complete: [ ZlYwcUE1bWs2UDVYeHVZbHJsSjFXUT09 ]
2023-10-19 00:52:18 : Starting Encryption... [ ::1 ]
2023-10-19 00:52:18 : Encryption complete: [ QVN0aHRDcVVoSTZRZHJ4WmxOMXcyZz09 ]
2023-10-19 00:52:18 : Starting Encryption... [ EMP20231019LZPg1Hn ]
2023-10-19 00:52:18 : Encryption complete: [ VktYaHZuZlFhT3dJam92Q1JTWkpoMG9MTzJSU1grVlBlQTBZYTY5TlN1ND0 ]
2023-10-19 00:52:18 : Starting Encryption... [ ::1 ]
2023-10-19 00:52:18 : Encryption complete: [ QVN0aHRDcVVoSTZRZHJ4WmxOMXcyZz09 ]
2023-10-19 00:52:18 : Starting Encryption... [ employee ]
2023-10-19 00:52:18 : Encryption complete: [ TllJeTNxTlUzOVhSdFRCNFEwSm5tUT09 ]
2023-10-19 00:52:18 : Starting Encryption... [ ::1 ]
2023-10-19 00:52:18 : Encryption complete: [ QVN0aHRDcVVoSTZRZHJ4WmxOMXcyZz09 ]
2023-10-19 00:52:18 : Starting Encryption... [ view_members ]
2023-10-19 00:52:18 : Encryption complete: [ ZlYwcUE1bWs2UDVYeHVZbHJsSjFXUT09 ]
2023-10-19 00:52:18 : Starting Encryption... [ ::1 ]
2023-10-19 00:52:18 : Encryption complete: [ QVN0aHRDcVVoSTZRZHJ4WmxOMXcyZz09 ]
2023-10-19 00:52:18 : Starting Encryption... [ EMP20231019MeEKDxY ]
2023-10-19 00:52:18 : Encryption complete: [ cnU3aGc0TE9NeVFFbFJVdE42c3JULzJjVTh6RVNPM1RlWUVLZHVrZ3ZkTT0 ]
2023-10-19 00:52:18 : Starting Encryption... [ ::1 ]
2023-10-19 00:52:18 : Encryption complete: [ QVN0aHRDcVVoSTZRZHJ4WmxOMXcyZz09 ]
2023-10-19 00:52:18 : Starting Encryption... [ employee ]
2023-10-19 00:52:18 : Encryption complete: [ TllJeTNxTlUzOVhSdFRCNFEwSm5tUT09 ]
2023-10-19 00:52:18 : Starting Encryption... [ ::1 ]
2023-10-19 00:52:18 : Encryption complete: [ QVN0aHRDcVVoSTZRZHJ4WmxOMXcyZz09 ]
2023-10-19 00:52:18 : Starting Encryption... [ view_members ]
2023-10-19 00:52:18 : Encryption complete: [ ZlYwcUE1bWs2UDVYeHVZbHJsSjFXUT09 ]
2023-10-19 00:52:18 : Starting Encryption... [ ::1 ]
2023-10-19 00:52:18 : Encryption complete: [ QVN0aHRDcVVoSTZRZHJ4WmxOMXcyZz09 ]
2023-10-19 00:52:18 : Starting Encryption... [ EMP20231019Tr2pvdl ]
2023-10-19 00:52:18 : Encryption complete: [ WlhJVWhXa0x1V21qWmlZV01sM2hTd3RaK0djMXE0U05IMHU5ZVhIMHNGQT0 ]
2023-10-19 00:52:18 : Starting Encryption... [ ::1 ]
2023-10-19 00:52:18 : Encryption complete: [ QVN0aHRDcVVoSTZRZHJ4WmxOMXcyZz09 ]
2023-10-19 00:52:18 : Starting Encryption... [ employee ]
2023-10-19 00:52:18 : Encryption complete: [ TllJeTNxTlUzOVhSdFRCNFEwSm5tUT09 ]
2023-10-19 00:52:18 : Starting Encryption... [ ::1 ]
2023-10-19 00:52:18 : Encryption complete: [ QVN0aHRDcVVoSTZRZHJ4WmxOMXcyZz09 ]
2023-10-19 00:52:18 : Starting Encryption... [ view_members ]
2023-10-19 00:52:18 : Encryption complete: [ ZlYwcUE1bWs2UDVYeHVZbHJsSjFXUT09 ]
2023-10-19 00:52:18 : Starting Encryption... [ ::1 ]
2023-10-19 00:52:18 : Encryption complete: [ QVN0aHRDcVVoSTZRZHJ4WmxOMXcyZz09 ]
2023-10-19 00:52:18 : Starting Encryption... [ EMP20231019VglyjmP ]
2023-10-19 00:52:18 : Encryption complete: [ TXpVVVNFMVpGMGVlNGFiV0VBR2EvcUVuTlhNU3d4QnJJZjljcnBLT2RuTT0 ]
2023-10-19 00:52:18 : Starting Encryption... [ ::1 ]
2023-10-19 00:52:18 : Encryption complete: [ QVN0aHRDcVVoSTZRZHJ4WmxOMXcyZz09 ]
2023-10-19 00:52:18 : Starting Encryption... [ employee ]
2023-10-19 00:52:18 : Encryption complete: [ TllJeTNxTlUzOVhSdFRCNFEwSm5tUT09 ]
2023-10-19 00:52:18 : Starting Encryption... [ ::1 ]
2023-10-19 00:52:18 : Encryption complete: [ QVN0aHRDcVVoSTZRZHJ4WmxOMXcyZz09 ]
2023-10-19 00:52:18 : Starting Encryption... [ view_members ]
2023-10-19 00:52:18 : Encryption complete: [ ZlYwcUE1bWs2UDVYeHVZbHJsSjFXUT09 ]
 : Timezone set to: [  Africa/Nairobi ]
2023-10-19 00:52:24 : Last activity time: [ 1697665944 ]
2023-10-19 00:52:24 : Trying Database connection...
2023-10-19 00:52:24 : Database connection successfull
2023-10-19 00:52:24 : Setting Session : csrf : [ "184cb41d76ccb455331742744835e5ea3a1457b623e80e8c6919eedf0d06a22b" ]
2023-10-19 00:52:24 : Setting Session : csrf_time : [ 1697665944 ]
2023-10-19 00:52:24 : Generated CSRF: [ 3af0039513d5257faa0fbb176916cafb4a43c0ffb596ce28b08840a59caf0d6c ] for user: [ {"session_ip":"::1","LAST_ACTIVITY":1697665944,"page":"upload members","corporate_login":true,"corporate_email":"patjunhopat@gmail.com","corporate_name":"Muang Thai","corporate_id":"CPR20230930t7UxEh8","csrf":"184cb41d76ccb455331742744835e5ea3a1457b623e80e8c6919eedf0d06a22b","csrf_time":1697665944} ]
 : Timezone set to: [  Africa/Nairobi ]
2023-10-19 00:52:29 : Last activity time: [ 1697665949 ]
2023-10-19 00:52:29 : Trying Database connection...
2023-10-19 00:52:29 : Database connection successfull
2023-10-19 00:52:29 : Trying Database connection...
2023-10-19 00:52:29 : Database connection successfull
2023-10-19 00:52:29 : Starting Encryption... [ ::1 ]
2023-10-19 00:52:29 : Encryption complete: [ QVN0aHRDcVVoSTZRZHJ4WmxOMXcyZz09 ]
2023-10-19 00:52:29 : Starting Encryption... [ EMP20231019g6MEq2o ]
2023-10-19 00:52:29 : Encryption complete: [ N0NkeXNvNnlXK3lubHBmbzBIYWsxWm96WEFnOFFBZ01rMXhBdjVEb05QND0 ]
2023-10-19 00:52:29 : Starting Encryption... [ ::1 ]
2023-10-19 00:52:29 : Encryption complete: [ QVN0aHRDcVVoSTZRZHJ4WmxOMXcyZz09 ]
2023-10-19 00:52:29 : Starting Encryption... [ employee ]
2023-10-19 00:52:29 : Encryption complete: [ TllJeTNxTlUzOVhSdFRCNFEwSm5tUT09 ]
2023-10-19 00:52:29 : Starting Encryption... [ ::1 ]
2023-10-19 00:52:29 : Encryption complete: [ QVN0aHRDcVVoSTZRZHJ4WmxOMXcyZz09 ]
2023-10-19 00:52:29 : Starting Encryption... [ view_members ]
2023-10-19 00:52:29 : Encryption complete: [ ZlYwcUE1bWs2UDVYeHVZbHJsSjFXUT09 ]
2023-10-19 00:52:29 : Starting Encryption... [ ::1 ]
2023-10-19 00:52:29 : Encryption complete: [ QVN0aHRDcVVoSTZRZHJ4WmxOMXcyZz09 ]
2023-10-19 00:52:29 : Starting Encryption... [ EMP20231019LZPg1Hn ]
2023-10-19 00:52:29 : Encryption complete: [ VktYaHZuZlFhT3dJam92Q1JTWkpoMG9MTzJSU1grVlBlQTBZYTY5TlN1ND0 ]
2023-10-19 00:52:29 : Starting Encryption... [ ::1 ]
2023-10-19 00:52:29 : Encryption complete: [ QVN0aHRDcVVoSTZRZHJ4WmxOMXcyZz09 ]
2023-10-19 00:52:29 : Starting Encryption... [ employee ]
2023-10-19 00:52:29 : Encryption complete: [ TllJeTNxTlUzOVhSdFRCNFEwSm5tUT09 ]
2023-10-19 00:52:29 : Starting Encryption... [ ::1 ]
2023-10-19 00:52:29 : Encryption complete: [ QVN0aHRDcVVoSTZRZHJ4WmxOMXcyZz09 ]
2023-10-19 00:52:29 : Starting Encryption... [ view_members ]
2023-10-19 00:52:29 : Encryption complete: [ ZlYwcUE1bWs2UDVYeHVZbHJsSjFXUT09 ]
2023-10-19 00:52:29 : Starting Encryption... [ ::1 ]
2023-10-19 00:52:29 : Encryption complete: [ QVN0aHRDcVVoSTZRZHJ4WmxOMXcyZz09 ]
2023-10-19 00:52:29 : Starting Encryption... [ EMP20231019MeEKDxY ]
2023-10-19 00:52:29 : Encryption complete: [ cnU3aGc0TE9NeVFFbFJVdE42c3JULzJjVTh6RVNPM1RlWUVLZHVrZ3ZkTT0 ]
2023-10-19 00:52:29 : Starting Encryption... [ ::1 ]
2023-10-19 00:52:29 : Encryption complete: [ QVN0aHRDcVVoSTZRZHJ4WmxOMXcyZz09 ]
2023-10-19 00:52:29 : Starting Encryption... [ employee ]
2023-10-19 00:52:29 : Encryption complete: [ TllJeTNxTlUzOVhSdFRCNFEwSm5tUT09 ]
2023-10-19 00:52:29 : Starting Encryption... [ ::1 ]
2023-10-19 00:52:29 : Encryption complete: [ QVN0aHRDcVVoSTZRZHJ4WmxOMXcyZz09 ]
2023-10-19 00:52:29 : Starting Encryption... [ view_members ]
2023-10-19 00:52:29 : Encryption complete: [ ZlYwcUE1bWs2UDVYeHVZbHJsSjFXUT09 ]
2023-10-19 00:52:29 : Starting Encryption... [ ::1 ]
2023-10-19 00:52:29 : Encryption complete: [ QVN0aHRDcVVoSTZRZHJ4WmxOMXcyZz09 ]
2023-10-19 00:52:29 : Starting Encryption... [ EMP20231019Tr2pvdl ]
2023-10-19 00:52:29 : Encryption complete: [ WlhJVWhXa0x1V21qWmlZV01sM2hTd3RaK0djMXE0U05IMHU5ZVhIMHNGQT0 ]
2023-10-19 00:52:29 : Starting Encryption... [ ::1 ]
2023-10-19 00:52:29 : Encryption complete: [ QVN0aHRDcVVoSTZRZHJ4WmxOMXcyZz09 ]
2023-10-19 00:52:29 : Starting Encryption... [ employee ]
2023-10-19 00:52:29 : Encryption complete: [ TllJeTNxTlUzOVhSdFRCNFEwSm5tUT09 ]
2023-10-19 00:52:29 : Starting Encryption... [ ::1 ]
2023-10-19 00:52:29 : Encryption complete: [ QVN0aHRDcVVoSTZRZHJ4WmxOMXcyZz09 ]
2023-10-19 00:52:29 : Starting Encryption... [ view_members ]
2023-10-19 00:52:29 : Encryption complete: [ ZlYwcUE1bWs2UDVYeHVZbHJsSjFXUT09 ]
2023-10-19 00:52:29 : Starting Encryption... [ ::1 ]
2023-10-19 00:52:29 : Encryption complete: [ QVN0aHRDcVVoSTZRZHJ4WmxOMXcyZz09 ]
2023-10-19 00:52:29 : Starting Encryption... [ EMP20231019VglyjmP ]
2023-10-19 00:52:29 : Encryption complete: [ TXpVVVNFMVpGMGVlNGFiV0VBR2EvcUVuTlhNU3d4QnJJZjljcnBLT2RuTT0 ]
2023-10-19 00:52:29 : Starting Encryption... [ ::1 ]
2023-10-19 00:52:29 : Encryption complete: [ QVN0aHRDcVVoSTZRZHJ4WmxOMXcyZz09 ]
2023-10-19 00:52:29 : Starting Encryption... [ employee ]
2023-10-19 00:52:29 : Encryption complete: [ TllJeTNxTlUzOVhSdFRCNFEwSm5tUT09 ]
2023-10-19 00:52:29 : Starting Encryption... [ ::1 ]
2023-10-19 00:52:29 : Encryption complete: [ QVN0aHRDcVVoSTZRZHJ4WmxOMXcyZz09 ]
2023-10-19 00:52:29 : Starting Encryption... [ view_members ]
2023-10-19 00:52:29 : Encryption complete: [ ZlYwcUE1bWs2UDVYeHVZbHJsSjFXUT09 ]
 : Timezone set to: [  Africa/Nairobi ]
2023-10-19 00:52:34 : Last activity time: [ 1697665954 ]
2023-10-19 00:52:34 : Starting Encryption... [ ::1 ]
2023-10-19 00:52:34 : Encryption complete: [ QVN0aHRDcVVoSTZRZHJ4WmxOMXcyZz09 ]
2023-10-19 00:52:34 : Starting Decryption... [ TXpVVVNFMVpGMGVlNGFiV0VBR2EvcUVuTlhNU3d4QnJJZjljcnBLT2RuTT0 ]
2023-10-19 00:52:34 : Decryption complete: [ EMP20231019VglyjmP ]
2023-10-19 00:52:34 : Trying Database connection...
2023-10-19 00:52:34 : Database connection successfull
2023-10-19 00:52:34 : DB connection closed
2023-10-19 00:52:34 : Starting Encryption... [ ::1 ]
2023-10-19 00:52:34 : Encryption complete: [ QVN0aHRDcVVoSTZRZHJ4WmxOMXcyZz09 ]
2023-10-19 00:52:34 : Starting Decryption... [ TllJeTNxTlUzOVhSdFRCNFEwSm5tUT09 ]
2023-10-19 00:52:34 : Decryption complete: [ employee ]
2023-10-19 00:52:34 : Trying Database connection...
2023-10-19 00:52:34 : Database connection successfull
2023-10-19 00:52:34 : DB connection closed
2023-10-19 00:52:34 : Starting Encryption... [ ::1 ]
2023-10-19 00:52:34 : Encryption complete: [ QVN0aHRDcVVoSTZRZHJ4WmxOMXcyZz09 ]
2023-10-19 00:52:34 : Starting Decryption... [ ZlYwcUE1bWs2UDVYeHVZbHJsSjFXUT09 ]
2023-10-19 00:52:34 : Decryption complete: [ view_members ]
2023-10-19 00:52:34 : Trying Database connection...
2023-10-19 00:52:34 : Database connection successfull
2023-10-19 00:52:34 : DB connection closed
2023-10-19 00:52:34 : Prepairing delete query, SQL: [  DELETE FROM `employee` WHERE employee_id = 'EMP20231019VglyjmP'  ]
2023-10-19 00:52:34 : Trying Database connection...
2023-10-19 00:52:34 : Database connection successfull
2023-10-19 00:52:34 : Number of affected rows: [ 1 ]
2023-10-19 00:52:34 : DB connection closed
2023-10-19 00:52:34 : Deletion done successfully
2023-10-19 00:52:34 : Setting Session : success : [ {"delete":212} ]
2023-10-19 00:52:34 : redirect header url [ https://localhost/psychx/dashboard/view_members ]
2023-10-19 00:52:34 : Header already sent. redirect header url [ https://localhost/psychx/dashboard/view_members ]
 : Timezone set to: [  Africa/Nairobi ]
2023-10-19 00:52:39 : Last activity time: [ 1697665959 ]
2023-10-19 00:52:39 : Trying Database connection...
2023-10-19 00:52:39 : Database connection successfull
2023-10-19 00:52:39 : Trying Database connection...
2023-10-19 00:52:39 : Database connection successfull
2023-10-19 00:52:39 : Starting Encryption... [ ::1 ]
2023-10-19 00:52:39 : Encryption complete: [ QVN0aHRDcVVoSTZRZHJ4WmxOMXcyZz09 ]
2023-10-19 00:52:39 : Starting Encryption... [ EMP20231019g6MEq2o ]
2023-10-19 00:52:39 : Encryption complete: [ N0NkeXNvNnlXK3lubHBmbzBIYWsxWm96WEFnOFFBZ01rMXhBdjVEb05QND0 ]
2023-10-19 00:52:39 : Starting Encryption... [ ::1 ]
2023-10-19 00:52:39 : Encryption complete: [ QVN0aHRDcVVoSTZRZHJ4WmxOMXcyZz09 ]
2023-10-19 00:52:39 : Starting Encryption... [ employee ]
2023-10-19 00:52:39 : Encryption complete: [ TllJeTNxTlUzOVhSdFRCNFEwSm5tUT09 ]
2023-10-19 00:52:39 : Starting Encryption... [ ::1 ]
2023-10-19 00:52:39 : Encryption complete: [ QVN0aHRDcVVoSTZRZHJ4WmxOMXcyZz09 ]
2023-10-19 00:52:39 : Starting Encryption... [ view_members ]
2023-10-19 00:52:39 : Encryption complete: [ ZlYwcUE1bWs2UDVYeHVZbHJsSjFXUT09 ]
2023-10-19 00:52:39 : Starting Encryption... [ ::1 ]
2023-10-19 00:52:39 : Encryption complete: [ QVN0aHRDcVVoSTZRZHJ4WmxOMXcyZz09 ]
2023-10-19 00:52:39 : Starting Encryption... [ EMP20231019LZPg1Hn ]
2023-10-19 00:52:39 : Encryption complete: [ VktYaHZuZlFhT3dJam92Q1JTWkpoMG9MTzJSU1grVlBlQTBZYTY5TlN1ND0 ]
2023-10-19 00:52:39 : Starting Encryption... [ ::1 ]
2023-10-19 00:52:39 : Encryption complete: [ QVN0aHRDcVVoSTZRZHJ4WmxOMXcyZz09 ]
2023-10-19 00:52:39 : Starting Encryption... [ employee ]
2023-10-19 00:52:39 : Encryption complete: [ TllJeTNxTlUzOVhSdFRCNFEwSm5tUT09 ]
2023-10-19 00:52:39 : Starting Encryption... [ ::1 ]
2023-10-19 00:52:39 : Encryption complete: [ QVN0aHRDcVVoSTZRZHJ4WmxOMXcyZz09 ]
2023-10-19 00:52:39 : Starting Encryption... [ view_members ]
2023-10-19 00:52:39 : Encryption complete: [ ZlYwcUE1bWs2UDVYeHVZbHJsSjFXUT09 ]
2023-10-19 00:52:39 : Starting Encryption... [ ::1 ]
2023-10-19 00:52:39 : Encryption complete: [ QVN0aHRDcVVoSTZRZHJ4WmxOMXcyZz09 ]
2023-10-19 00:52:39 : Starting Encryption... [ EMP20231019MeEKDxY ]
2023-10-19 00:52:39 : Encryption complete: [ cnU3aGc0TE9NeVFFbFJVdE42c3JULzJjVTh6RVNPM1RlWUVLZHVrZ3ZkTT0 ]
2023-10-19 00:52:39 : Starting Encryption... [ ::1 ]
2023-10-19 00:52:39 : Encryption complete: [ QVN0aHRDcVVoSTZRZHJ4WmxOMXcyZz09 ]
2023-10-19 00:52:39 : Starting Encryption... [ employee ]
2023-10-19 00:52:39 : Encryption complete: [ TllJeTNxTlUzOVhSdFRCNFEwSm5tUT09 ]
2023-10-19 00:52:39 : Starting Encryption... [ ::1 ]
2023-10-19 00:52:39 : Encryption complete: [ QVN0aHRDcVVoSTZRZHJ4WmxOMXcyZz09 ]
2023-10-19 00:52:39 : Starting Encryption... [ view_members ]
2023-10-19 00:52:39 : Encryption complete: [ ZlYwcUE1bWs2UDVYeHVZbHJsSjFXUT09 ]
2023-10-19 00:52:39 : Starting Encryption... [ ::1 ]
2023-10-19 00:52:39 : Encryption complete: [ QVN0aHRDcVVoSTZRZHJ4WmxOMXcyZz09 ]
2023-10-19 00:52:39 : Starting Encryption... [ EMP20231019Tr2pvdl ]
2023-10-19 00:52:39 : Encryption complete: [ WlhJVWhXa0x1V21qWmlZV01sM2hTd3RaK0djMXE0U05IMHU5ZVhIMHNGQT0 ]
2023-10-19 00:52:39 : Starting Encryption... [ ::1 ]
2023-10-19 00:52:39 : Encryption complete: [ QVN0aHRDcVVoSTZRZHJ4WmxOMXcyZz09 ]
2023-10-19 00:52:39 : Starting Encryption... [ employee ]
2023-10-19 00:52:39 : Encryption complete: [ TllJeTNxTlUzOVhSdFRCNFEwSm5tUT09 ]
2023-10-19 00:52:39 : Starting Encryption... [ ::1 ]
2023-10-19 00:52:39 : Encryption complete: [ QVN0aHRDcVVoSTZRZHJ4WmxOMXcyZz09 ]
2023-10-19 00:52:39 : Starting Encryption... [ view_members ]
2023-10-19 00:52:39 : Encryption complete: [ ZlYwcUE1bWs2UDVYeHVZbHJsSjFXUT09 ]
 : Timezone set to: [  Africa/Nairobi ]
2023-10-19 00:53:07 : Last activity time: [ 1697665987 ]
2023-10-19 00:53:07 : Trying Database connection...
2023-10-19 00:53:07 : Database connection successfull
2023-10-19 00:53:07 : Trying Database connection...
2023-10-19 00:53:07 : Database connection successfull
2023-10-19 00:53:07 : Starting Encryption... [ ::1 ]
2023-10-19 00:53:07 : Encryption complete: [ QVN0aHRDcVVoSTZRZHJ4WmxOMXcyZz09 ]
2023-10-19 00:53:07 : Starting Encryption... [ EMP20231019g6MEq2o ]
2023-10-19 00:53:07 : Encryption complete: [ N0NkeXNvNnlXK3lubHBmbzBIYWsxWm96WEFnOFFBZ01rMXhBdjVEb05QND0 ]
2023-10-19 00:53:07 : Starting Encryption... [ ::1 ]
2023-10-19 00:53:07 : Encryption complete: [ QVN0aHRDcVVoSTZRZHJ4WmxOMXcyZz09 ]
2023-10-19 00:53:07 : Starting Encryption... [ employee ]
2023-10-19 00:53:07 : Encryption complete: [ TllJeTNxTlUzOVhSdFRCNFEwSm5tUT09 ]
2023-10-19 00:53:07 : Starting Encryption... [ ::1 ]
2023-10-19 00:53:07 : Encryption complete: [ QVN0aHRDcVVoSTZRZHJ4WmxOMXcyZz09 ]
2023-10-19 00:53:07 : Starting Encryption... [ view_members ]
2023-10-19 00:53:07 : Encryption complete: [ ZlYwcUE1bWs2UDVYeHVZbHJsSjFXUT09 ]
2023-10-19 00:53:07 : Starting Encryption... [ ::1 ]
2023-10-19 00:53:07 : Encryption complete: [ QVN0aHRDcVVoSTZRZHJ4WmxOMXcyZz09 ]
2023-10-19 00:53:07 : Starting Encryption... [ EMP20231019LZPg1Hn ]
2023-10-19 00:53:07 : Encryption complete: [ VktYaHZuZlFhT3dJam92Q1JTWkpoMG9MTzJSU1grVlBlQTBZYTY5TlN1ND0 ]
2023-10-19 00:53:07 : Starting Encryption... [ ::1 ]
2023-10-19 00:53:07 : Encryption complete: [ QVN0aHRDcVVoSTZRZHJ4WmxOMXcyZz09 ]
2023-10-19 00:53:07 : Starting Encryption... [ employee ]
2023-10-19 00:53:07 : Encryption complete: [ TllJeTNxTlUzOVhSdFRCNFEwSm5tUT09 ]
2023-10-19 00:53:07 : Starting Encryption... [ ::1 ]
2023-10-19 00:53:07 : Encryption complete: [ QVN0aHRDcVVoSTZRZHJ4WmxOMXcyZz09 ]
2023-10-19 00:53:07 : Starting Encryption... [ view_members ]
2023-10-19 00:53:07 : Encryption complete: [ ZlYwcUE1bWs2UDVYeHVZbHJsSjFXUT09 ]
2023-10-19 00:53:07 : Starting Encryption... [ ::1 ]
2023-10-19 00:53:07 : Encryption complete: [ QVN0aHRDcVVoSTZRZHJ4WmxOMXcyZz09 ]
2023-10-19 00:53:07 : Starting Encryption... [ EMP20231019MeEKDxY ]
2023-10-19 00:53:07 : Encryption complete: [ cnU3aGc0TE9NeVFFbFJVdE42c3JULzJjVTh6RVNPM1RlWUVLZHVrZ3ZkTT0 ]
2023-10-19 00:53:07 : Starting Encryption... [ ::1 ]
2023-10-19 00:53:07 : Encryption complete: [ QVN0aHRDcVVoSTZRZHJ4WmxOMXcyZz09 ]
2023-10-19 00:53:07 : Starting Encryption... [ employee ]
2023-10-19 00:53:07 : Encryption complete: [ TllJeTNxTlUzOVhSdFRCNFEwSm5tUT09 ]
2023-10-19 00:53:07 : Starting Encryption... [ ::1 ]
2023-10-19 00:53:07 : Encryption complete: [ QVN0aHRDcVVoSTZRZHJ4WmxOMXcyZz09 ]
2023-10-19 00:53:07 : Starting Encryption... [ view_members ]
2023-10-19 00:53:07 : Encryption complete: [ ZlYwcUE1bWs2UDVYeHVZbHJsSjFXUT09 ]
2023-10-19 00:53:07 : Starting Encryption... [ ::1 ]
2023-10-19 00:53:07 : Encryption complete: [ QVN0aHRDcVVoSTZRZHJ4WmxOMXcyZz09 ]
2023-10-19 00:53:07 : Starting Encryption... [ EMP20231019Tr2pvdl ]
2023-10-19 00:53:07 : Encryption complete: [ WlhJVWhXa0x1V21qWmlZV01sM2hTd3RaK0djMXE0U05IMHU5ZVhIMHNGQT0 ]
2023-10-19 00:53:07 : Starting Encryption... [ ::1 ]
2023-10-19 00:53:07 : Encryption complete: [ QVN0aHRDcVVoSTZRZHJ4WmxOMXcyZz09 ]
2023-10-19 00:53:07 : Starting Encryption... [ employee ]
2023-10-19 00:53:07 : Encryption complete: [ TllJeTNxTlUzOVhSdFRCNFEwSm5tUT09 ]
2023-10-19 00:53:07 : Starting Encryption... [ ::1 ]
2023-10-19 00:53:07 : Encryption complete: [ QVN0aHRDcVVoSTZRZHJ4WmxOMXcyZz09 ]
2023-10-19 00:53:07 : Starting Encryption... [ view_members ]
2023-10-19 00:53:07 : Encryption complete: [ ZlYwcUE1bWs2UDVYeHVZbHJsSjFXUT09 ]
 : Timezone set to: [  Africa/Nairobi ]
2023-10-19 00:53:16 : Last activity time: [ 1697665996 ]
2023-10-19 00:53:16 : Trying Database connection...
2023-10-19 00:53:16 : Database connection successfull
2023-10-19 00:53:16 : Trying Database connection...
2023-10-19 00:53:16 : Database connection successfull
2023-10-19 00:53:16 : Starting Encryption... [ ::1 ]
2023-10-19 00:53:16 : Encryption complete: [ QVN0aHRDcVVoSTZRZHJ4WmxOMXcyZz09 ]
2023-10-19 00:53:16 : Starting Encryption... [ EMP20231019g6MEq2o ]
2023-10-19 00:53:16 : Encryption complete: [ N0NkeXNvNnlXK3lubHBmbzBIYWsxWm96WEFnOFFBZ01rMXhBdjVEb05QND0 ]
2023-10-19 00:53:16 : Starting Encryption... [ ::1 ]
2023-10-19 00:53:16 : Encryption complete: [ QVN0aHRDcVVoSTZRZHJ4WmxOMXcyZz09 ]
2023-10-19 00:53:16 : Starting Encryption... [ employee ]
2023-10-19 00:53:16 : Encryption complete: [ TllJeTNxTlUzOVhSdFRCNFEwSm5tUT09 ]
2023-10-19 00:53:16 : Starting Encryption... [ ::1 ]
2023-10-19 00:53:16 : Encryption complete: [ QVN0aHRDcVVoSTZRZHJ4WmxOMXcyZz09 ]
2023-10-19 00:53:16 : Starting Encryption... [ view_members ]
2023-10-19 00:53:16 : Encryption complete: [ ZlYwcUE1bWs2UDVYeHVZbHJsSjFXUT09 ]
2023-10-19 00:53:16 : Starting Encryption... [ ::1 ]
2023-10-19 00:53:16 : Encryption complete: [ QVN0aHRDcVVoSTZRZHJ4WmxOMXcyZz09 ]
2023-10-19 00:53:16 : Starting Encryption... [ EMP20231019LZPg1Hn ]
2023-10-19 00:53:16 : Encryption complete: [ VktYaHZuZlFhT3dJam92Q1JTWkpoMG9MTzJSU1grVlBlQTBZYTY5TlN1ND0 ]
2023-10-19 00:53:16 : Starting Encryption... [ ::1 ]
2023-10-19 00:53:16 : Encryption complete: [ QVN0aHRDcVVoSTZRZHJ4WmxOMXcyZz09 ]
2023-10-19 00:53:16 : Starting Encryption... [ employee ]
2023-10-19 00:53:16 : Encryption complete: [ TllJeTNxTlUzOVhSdFRCNFEwSm5tUT09 ]
2023-10-19 00:53:16 : Starting Encryption... [ ::1 ]
2023-10-19 00:53:16 : Encryption complete: [ QVN0aHRDcVVoSTZRZHJ4WmxOMXcyZz09 ]
2023-10-19 00:53:16 : Starting Encryption... [ view_members ]
2023-10-19 00:53:16 : Encryption complete: [ ZlYwcUE1bWs2UDVYeHVZbHJsSjFXUT09 ]
2023-10-19 00:53:16 : Starting Encryption... [ ::1 ]
2023-10-19 00:53:16 : Encryption complete: [ QVN0aHRDcVVoSTZRZHJ4WmxOMXcyZz09 ]
2023-10-19 00:53:16 : Starting Encryption... [ EMP20231019MeEKDxY ]
2023-10-19 00:53:16 : Encryption complete: [ cnU3aGc0TE9NeVFFbFJVdE42c3JULzJjVTh6RVNPM1RlWUVLZHVrZ3ZkTT0 ]
2023-10-19 00:53:16 : Starting Encryption... [ ::1 ]
2023-10-19 00:53:16 : Encryption complete: [ QVN0aHRDcVVoSTZRZHJ4WmxOMXcyZz09 ]
2023-10-19 00:53:16 : Starting Encryption... [ employee ]
2023-10-19 00:53:16 : Encryption complete: [ TllJeTNxTlUzOVhSdFRCNFEwSm5tUT09 ]
2023-10-19 00:53:16 : Starting Encryption... [ ::1 ]
2023-10-19 00:53:16 : Encryption complete: [ QVN0aHRDcVVoSTZRZHJ4WmxOMXcyZz09 ]
2023-10-19 00:53:16 : Starting Encryption... [ view_members ]
2023-10-19 00:53:16 : Encryption complete: [ ZlYwcUE1bWs2UDVYeHVZbHJsSjFXUT09 ]
2023-10-19 00:53:16 : Starting Encryption... [ ::1 ]
2023-10-19 00:53:16 : Encryption complete: [ QVN0aHRDcVVoSTZRZHJ4WmxOMXcyZz09 ]
2023-10-19 00:53:16 : Starting Encryption... [ EMP20231019Tr2pvdl ]
2023-10-19 00:53:16 : Encryption complete: [ WlhJVWhXa0x1V21qWmlZV01sM2hTd3RaK0djMXE0U05IMHU5ZVhIMHNGQT0 ]
2023-10-19 00:53:16 : Starting Encryption... [ ::1 ]
2023-10-19 00:53:16 : Encryption complete: [ QVN0aHRDcVVoSTZRZHJ4WmxOMXcyZz09 ]
2023-10-19 00:53:16 : Starting Encryption... [ employee ]
2023-10-19 00:53:16 : Encryption complete: [ TllJeTNxTlUzOVhSdFRCNFEwSm5tUT09 ]
2023-10-19 00:53:16 : Starting Encryption... [ ::1 ]
2023-10-19 00:53:16 : Encryption complete: [ QVN0aHRDcVVoSTZRZHJ4WmxOMXcyZz09 ]
2023-10-19 00:53:16 : Starting Encryption... [ view_members ]
2023-10-19 00:53:16 : Encryption complete: [ ZlYwcUE1bWs2UDVYeHVZbHJsSjFXUT09 ]
 : Timezone set to: [  Africa/Nairobi ]
2023-10-19 00:53:38 : Last activity time: [ 1697666018 ]
2023-10-19 00:53:38 : Trying Database connection...
2023-10-19 00:53:38 : Database connection successfull
2023-10-19 00:53:38 : Trying Database connection...
2023-10-19 00:53:38 : Database connection successfull
2023-10-19 00:53:38 : Starting Encryption... [ ::1 ]
2023-10-19 00:53:38 : Encryption complete: [ QVN0aHRDcVVoSTZRZHJ4WmxOMXcyZz09 ]
2023-10-19 00:53:38 : Starting Encryption... [ EMP20231019g6MEq2o ]
2023-10-19 00:53:38 : Encryption complete: [ N0NkeXNvNnlXK3lubHBmbzBIYWsxWm96WEFnOFFBZ01rMXhBdjVEb05QND0 ]
2023-10-19 00:53:38 : Starting Encryption... [ ::1 ]
2023-10-19 00:53:38 : Encryption complete: [ QVN0aHRDcVVoSTZRZHJ4WmxOMXcyZz09 ]
2023-10-19 00:53:38 : Starting Encryption... [ employee ]
2023-10-19 00:53:38 : Encryption complete: [ TllJeTNxTlUzOVhSdFRCNFEwSm5tUT09 ]
2023-10-19 00:53:38 : Starting Encryption... [ ::1 ]
2023-10-19 00:53:38 : Encryption complete: [ QVN0aHRDcVVoSTZRZHJ4WmxOMXcyZz09 ]
2023-10-19 00:53:38 : Starting Encryption... [ view_members ]
2023-10-19 00:53:38 : Encryption complete: [ ZlYwcUE1bWs2UDVYeHVZbHJsSjFXUT09 ]
2023-10-19 00:53:38 : Starting Encryption... [ ::1 ]
2023-10-19 00:53:38 : Encryption complete: [ QVN0aHRDcVVoSTZRZHJ4WmxOMXcyZz09 ]
2023-10-19 00:53:38 : Starting Encryption... [ EMP20231019LZPg1Hn ]
2023-10-19 00:53:38 : Encryption complete: [ VktYaHZuZlFhT3dJam92Q1JTWkpoMG9MTzJSU1grVlBlQTBZYTY5TlN1ND0 ]
2023-10-19 00:53:38 : Starting Encryption... [ ::1 ]
2023-10-19 00:53:38 : Encryption complete: [ QVN0aHRDcVVoSTZRZHJ4WmxOMXcyZz09 ]
2023-10-19 00:53:38 : Starting Encryption... [ employee ]
2023-10-19 00:53:38 : Encryption complete: [ TllJeTNxTlUzOVhSdFRCNFEwSm5tUT09 ]
2023-10-19 00:53:38 : Starting Encryption... [ ::1 ]
2023-10-19 00:53:38 : Encryption complete: [ QVN0aHRDcVVoSTZRZHJ4WmxOMXcyZz09 ]
2023-10-19 00:53:38 : Starting Encryption... [ view_members ]
2023-10-19 00:53:38 : Encryption complete: [ ZlYwcUE1bWs2UDVYeHVZbHJsSjFXUT09 ]
2023-10-19 00:53:38 : Starting Encryption... [ ::1 ]
2023-10-19 00:53:38 : Encryption complete: [ QVN0aHRDcVVoSTZRZHJ4WmxOMXcyZz09 ]
2023-10-19 00:53:38 : Starting Encryption... [ EMP20231019MeEKDxY ]
2023-10-19 00:53:38 : Encryption complete: [ cnU3aGc0TE9NeVFFbFJVdE42c3JULzJjVTh6RVNPM1RlWUVLZHVrZ3ZkTT0 ]
2023-10-19 00:53:38 : Starting Encryption... [ ::1 ]
2023-10-19 00:53:38 : Encryption complete: [ QVN0aHRDcVVoSTZRZHJ4WmxOMXcyZz09 ]
2023-10-19 00:53:38 : Starting Encryption... [ employee ]
2023-10-19 00:53:38 : Encryption complete: [ TllJeTNxTlUzOVhSdFRCNFEwSm5tUT09 ]
2023-10-19 00:53:38 : Starting Encryption... [ ::1 ]
2023-10-19 00:53:38 : Encryption complete: [ QVN0aHRDcVVoSTZRZHJ4WmxOMXcyZz09 ]
2023-10-19 00:53:38 : Starting Encryption... [ view_members ]
2023-10-19 00:53:38 : Encryption complete: [ ZlYwcUE1bWs2UDVYeHVZbHJsSjFXUT09 ]
2023-10-19 00:53:38 : Starting Encryption... [ ::1 ]
2023-10-19 00:53:38 : Encryption complete: [ QVN0aHRDcVVoSTZRZHJ4WmxOMXcyZz09 ]
2023-10-19 00:53:38 : Starting Encryption... [ EMP20231019Tr2pvdl ]
2023-10-19 00:53:38 : Encryption complete: [ WlhJVWhXa0x1V21qWmlZV01sM2hTd3RaK0djMXE0U05IMHU5ZVhIMHNGQT0 ]
2023-10-19 00:53:38 : Starting Encryption... [ ::1 ]
2023-10-19 00:53:38 : Encryption complete: [ QVN0aHRDcVVoSTZRZHJ4WmxOMXcyZz09 ]
2023-10-19 00:53:38 : Starting Encryption... [ employee ]
2023-10-19 00:53:38 : Encryption complete: [ TllJeTNxTlUzOVhSdFRCNFEwSm5tUT09 ]
2023-10-19 00:53:38 : Starting Encryption... [ ::1 ]
2023-10-19 00:53:38 : Encryption complete: [ QVN0aHRDcVVoSTZRZHJ4WmxOMXcyZz09 ]
2023-10-19 00:53:38 : Starting Encryption... [ view_members ]
2023-10-19 00:53:38 : Encryption complete: [ ZlYwcUE1bWs2UDVYeHVZbHJsSjFXUT09 ]
